2015-05-15 12:37:42.2351 ERROR  -  [ProjectDetail][StartUploadImage] Exception: System.IO.DirectoryNotFoundException: Could not find a part of the path 'F:\Hien\Cong Ty\Web Application\DinhTan\Projects\DinhTan\AdminSite\Upload\Images\Projects\05152015\635067536938784564.jpg'.
   at System.IO.__Error.WinIOError(Int32 errorCode, String maybeFullPath)
   at System.IO.FileStream.Init(String path, FileMode mode, FileAccess access, Int32 rights, Boolean useRights, FileShare share, Int32 bufferSize, FileOptions options, SECURITY_ATTRIBUTES secAttrs, String msgPath, Boolean bFromProxy, Boolean useLongPath, Boolean checkHost)
   at System.IO.FileStream..ctor(String path, FileMode mode, FileAccess access, FileShare share, Int32 bufferSize, FileOptions options, String msgPath, Boolean bFromProxy)
   at System.IO.FileStream..ctor(String path, FileMode mode)
   at System.Web.HttpPostedFile.SaveAs(String filename)
   at System.Web.UI.WebControls.FileUpload.SaveAs(String filename)
   at AdminSite.ProjectDetail.StartUploadImage() in f:\Hien\Cong Ty\Web Application\DinhTan\Projects\DinhTan\AdminSite\ProjectDetail.aspx.cs:line 157
2015-05-15 12:37:42.4382 ERROR  -  [Utilities][ReplaceImageUri] Error: System.NullReferenceException: Object reference not set to an instance of an object.
   at AdminSite.Utilities.ReplaceImageUri(String html, String imageDir) in f:\Hien\Cong Ty\Web Application\DinhTan\Projects\DinhTan\AdminSite\Utilities.cs:line 295
2015-05-15 12:59:13.8085 ERROR  -  [Utilities][ReplaceImageUri] Error: System.NullReferenceException: Object reference not set to an instance of an object.
   at AdminSite.Utilities.ReplaceImageUri(String html, String imageDir) in f:\Hien\Cong Ty\Web Application\DinhTan\Projects\DinhTan\AdminSite\Utilities.cs:line 295
2015-05-15 13:02:10.6053 ERROR  -  [Utilities][ReplaceImageUri] Error: System.NullReferenceException: Object reference not set to an instance of an object.
   at AdminSite.Utilities.ReplaceImageUri(String html, String imageDir) in f:\Hien\Cong Ty\Web Application\DinhTan\Projects\DinhTan\AdminSite\Utilities.cs:line 295
2015-05-15 17:11:10.0677 ERROR  -  [ucNewsDetail][StartShowData] Error: System.NullReferenceException: Object reference not set to an instance of an object.
   at AdminSite.UserControls.ucNewsDetail.StartShowData(NewsBOL BOL) in f:\Hien\Cong Ty\Web Application\DinhTan\Projects\DinhTan\AdminSite\UserControls\ucNewsDetail.ascx.cs:line 100
2015-05-15 18:33:20.2346 ERROR  -  [ProjectDetail][StartUploadImage] Exception: System.IO.DirectoryNotFoundException: Could not find a part of the path 'F:\Hien\Cong Ty\Web Application\DinhTan\Projects\DinhTan\AdminSite\Upload\Images\Projects\05152015\635067536938784564.jpg'.
   at System.IO.__Error.WinIOError(Int32 errorCode, String maybeFullPath)
   at System.IO.FileStream.Init(String path, FileMode mode, FileAccess access, Int32 rights, Boolean useRights, FileShare share, Int32 bufferSize, FileOptions options, SECURITY_ATTRIBUTES secAttrs, String msgPath, Boolean bFromProxy, Boolean useLongPath, Boolean checkHost)
   at System.IO.FileStream..ctor(String path, FileMode mode, FileAccess access, FileShare share, Int32 bufferSize, FileOptions options, String msgPath, Boolean bFromProxy)
   at System.IO.FileStream..ctor(String path, FileMode mode)
   at System.Web.HttpPostedFile.SaveAs(String filename)
   at System.Web.UI.WebControls.FileUpload.SaveAs(String filename)
   at AdminSite.ProjectDetail.StartUploadImage() in f:\Hien\Cong Ty\Web Application\DinhTan\Projects\DinhTan\AdminSite\ProjectDetail.aspx.cs:line 157
2015-05-15 18:36:02.6711 ERROR  -  [ucNewsDetail][StartShowData] Error: System.NullReferenceException: Object reference not set to an instance of an object.
   at AdminSite.UserControls.ucNewsDetail.StartShowData(NewsBOL BOL) in f:\Hien\Cong Ty\Web Application\DinhTan\Projects\DinhTan\AdminSite\UserControls\ucNewsDetail.ascx.cs:line 100
2015-05-15 18:36:55.8481 ERROR  -  [ProjectDetail][StartUploadImage] Exception: System.IO.DirectoryNotFoundException: Could not find a part of the path 'F:\Hien\Cong Ty\Web Application\DinhTan\Projects\DinhTan\AdminSite\Upload\Images\Projects\05152015\tata-0-9857-1431341174.jpg'.
   at System.IO.__Error.WinIOError(Int32 errorCode, String maybeFullPath)
   at System.IO.FileStream.Init(String path, FileMode mode, FileAccess access, Int32 rights, Boolean useRights, FileShare share, Int32 bufferSize, FileOptions options, SECURITY_ATTRIBUTES secAttrs, String msgPath, Boolean bFromProxy, Boolean useLongPath, Boolean checkHost)
   at System.IO.FileStream..ctor(String path, FileMode mode, FileAccess access, FileShare share, Int32 bufferSize, FileOptions options, String msgPath, Boolean bFromProxy)
   at System.IO.FileStream..ctor(String path, FileMode mode)
   at System.Web.HttpPostedFile.SaveAs(String filename)
   at System.Web.UI.WebControls.FileUpload.SaveAs(String filename)
   at AdminSite.ProjectDetail.StartUploadImage() in f:\Hien\Cong Ty\Web Application\DinhTan\Projects\DinhTan\AdminSite\ProjectDetail.aspx.cs:line 157
2015-05-15 18:39:45.6415 ERROR  -  [ProjectDetail][StartUploadImage] Exception: System.UnauthorizedAccessException: Access to the path 'Upload/Images/Projects/' is denied.
   at System.IO.__Error.WinIOError(Int32 errorCode, String maybeFullPath)
   at System.IO.Directory.InternalCreateDirectory(String fullPath, String path, Object dirSecurityObj, Boolean checkHost)
   at System.IO.Directory.InternalCreateDirectoryHelper(String path, Boolean checkHost)
   at System.IO.Directory.CreateDirectory(String path)
   at AdminSite.ProjectDetail.StartUploadImage() in f:\Hien\Cong Ty\Web Application\DinhTan\Projects\DinhTan\AdminSite\ProjectDetail.aspx.cs:line 159
2015-05-15 18:40:55.0380 ERROR  -  [ProjectDetail][StartUploadImage] Exception: System.NotSupportedException: The given path's format is not supported.
   at System.Security.Util.StringExpressionSet.CanonicalizePath(String path, Boolean needFullPath)
   at System.Security.Util.StringExpressionSet.CreateListFromExpressions(String[] str, Boolean needFullPath)
   at System.Security.Permissions.FileIOPermission.AddPathList(FileIOPermissionAccess access, AccessControlActions control, String[] pathListOrig, Boolean checkForDuplicates, Boolean needFullPath, Boolean copyPathList)
   at System.Security.Permissions.FileIOPermission..ctor(FileIOPermissionAccess access, String path)
   at System.Web.InternalSecurityPermissions.PathDiscovery(String path)
   at System.Web.HttpRequest.MapPath(VirtualPath virtualPath, VirtualPath baseVirtualDir, Boolean allowCrossAppMapping)
   at System.Web.HttpServerUtility.MapPath(String path)
   at AdminSite.ProjectDetail.StartUploadImage() in f:\Hien\Cong Ty\Web Application\DinhTan\Projects\DinhTan\AdminSite\ProjectDetail.aspx.cs:line 165
2015-05-15 18:43:46.1156 ERROR  -  [ProjectDetail][StartUploadImage] Exception: System.IO.DirectoryNotFoundException: Could not find a part of the path 'F:\Hien\Cong Ty\Web Application\DinhTan\Projects\DinhTan\AdminSite\Upload\Images\Projects\05152015\tata-0-9857-1431341174.jpg'.
   at System.IO.__Error.WinIOError(Int32 errorCode, String maybeFullPath)
   at System.IO.FileStream.Init(String path, FileMode mode, FileAccess access, Int32 rights, Boolean useRights, FileShare share, Int32 bufferSize, FileOptions options, SECURITY_ATTRIBUTES secAttrs, String msgPath, Boolean bFromProxy, Boolean useLongPath, Boolean checkHost)
   at System.IO.FileStream..ctor(String path, FileMode mode, FileAccess access, FileShare share, Int32 bufferSize, FileOptions options, String msgPath, Boolean bFromProxy)
   at System.IO.FileStream..ctor(String path, FileMode mode)
   at System.Web.HttpPostedFile.SaveAs(String filename)
   at System.Web.UI.WebControls.FileUpload.SaveAs(String filename)
   at AdminSite.ProjectDetail.StartUploadImage() in f:\Hien\Cong Ty\Web Application\DinhTan\Projects\DinhTan\AdminSite\ProjectDetail.aspx.cs:line 165
