2015-05-13 13:43:36.4108 ERROR  -  [ucNewsDetail][StartShowData] Error: System.NullReferenceException: Object reference not set to an instance of an object.
   at AdminSite.UserControls.ucNewsDetail.StartShowData(NewsBOL BOL) in f:\Hien\Cong Ty\Web Application\DinhTan\Projects\DinhTan\AdminSite\UserControls\ucNewsDetail.ascx.cs:line 100
2015-05-13 13:43:42.7716 ERROR  -  [ucNewsDetail][StartShowData] Error: System.NullReferenceException: Object reference not set to an instance of an object.
   at AdminSite.UserControls.ucNewsDetail.StartShowData(NewsBOL BOL) in f:\Hien\Cong Ty\Web Application\DinhTan\Projects\DinhTan\AdminSite\UserControls\ucNewsDetail.ascx.cs:line 100
2015-05-13 15:55:53.1974 ERROR  -  [AddSubMenuHandler][ProcessRequest] Exception: System.NullReferenceException: Object reference not set to an instance of an object.
   at AdminSite.DataAccess.MenuDAL.InsertOrUpdate(MenuBOL obj) in f:\Hien\Cong Ty\Web Application\DinhTan\Projects\DinhTan\AdminSite\DataAccess\MenuDAL.cs:line 48
   at AdminSite.WebHandler.AddSubMenuHandler.ProcessRequest(HttpContext context) in f:\Hien\Cong Ty\Web Application\DinhTan\Projects\DinhTan\AdminSite\WebHandler\AddSubMenuHandler.ashx.cs:line 33
2015-05-13 15:58:00.0724 ERROR  -  [AddSubMenuHandler][ProcessRequest] Exception: System.NullReferenceException: Object reference not set to an instance of an object.
   at AdminSite.DataAccess.MenuDAL.InsertOrUpdate(MenuBOL obj) in f:\Hien\Cong Ty\Web Application\DinhTan\Projects\DinhTan\AdminSite\DataAccess\MenuDAL.cs:line 48
   at AdminSite.WebHandler.AddSubMenuHandler.ProcessRequest(HttpContext context) in f:\Hien\Cong Ty\Web Application\DinhTan\Projects\DinhTan\AdminSite\WebHandler\AddSubMenuHandler.ashx.cs:line 34
2015-05-13 16:00:30.9772 ERROR  -  [DataAccessHelpers][ExecuteStored] Error: System.Data.SqlTypes.SqlTypeException: SqlDateTime overflow. Must be between 1/1/1753 12:00:00 AM and 12/31/9999 11:59:59 PM.
   at System.Data.SqlClient.TdsParser.TdsExecuteRPC(_SqlRPC[] rpcArray, Int32 timeout, Boolean inSchema, SqlNotificationRequest notificationRequest, TdsParserStateObject stateObj, Boolean isCommandProc, Boolean sync, TaskCompletionSource`1 completion, Int32 startRpc, Int32 startParam)
   at System.Data.SqlClient.SqlCommand.RunExecuteReaderTds(CommandBehavior cmdBehavior, RunBehavior runBehavior, Boolean returnStream, Boolean async, Int32 timeout, Task& task, Boolean asyncWrite, SqlDataReader ds)
   at System.Data.SqlClient.SqlCommand.RunExecuteReader(CommandBehavior cmdBehavior, RunBehavior runBehavior, Boolean returnStream, String method, TaskCompletionSource`1 completion, Int32 timeout, Task& task, Boolean asyncWrite)
   at System.Data.SqlClient.SqlCommand.InternalExecuteNonQuery(TaskCompletionSource`1 completion, String methodName, Boolean sendToPipe, Int32 timeout, Boolean asyncWrite)
   at System.Data.SqlClient.SqlCommand.ExecuteNonQuery()
   at AdminSite.DataAccessHelpers.ExecuteStored(String stored, Hashtable hashTable) in f:\Hien\Cong Ty\Web Application\DinhTan\Projects\DinhTan\AdminSite\DataAccessHelpers.cs:line 261
2015-05-13 22:47:31.0626 ERROR  -  [DataAccessHelpers][ExecuteQuery] Error: System.Data.SqlClient.SqlException (0x80131904): Invalid object name 'vw_Abouts'.
   at System.Data.SqlClient.SqlConnection.OnError(SqlException exception, Boolean breakConnection, Action`1 wrapCloseInAction)
   at System.Data.SqlClient.SqlInternalConnection.OnError(SqlException exception, Boolean breakConnection, Action`1 wrapCloseInAction)
   at System.Data.SqlClient.TdsParser.ThrowExceptionAndWarning(TdsParserStateObject stateObj, Boolean callerHasConnectionLock, Boolean asyncClose)
   at System.Data.SqlClient.TdsParser.TryRun(RunBehavior runBehavior, SqlCommand cmdHandler, SqlDataReader dataStream, BulkCopySimpleResultSet bulkCopyHandler, TdsParserStateObject stateObj, Boolean& dataReady)
   at System.Data.SqlClient.SqlDataReader.TryConsumeMetaData()
   at System.Data.SqlClient.SqlDataReader.get_MetaData()
   at System.Data.SqlClient.SqlCommand.FinishExecuteReader(SqlDataReader ds, RunBehavior runBehavior, String resetOptionsString)
   at System.Data.SqlClient.SqlCommand.RunExecuteReaderTds(CommandBehavior cmdBehavior, RunBehavior runBehavior, Boolean returnStream, Boolean async, Int32 timeout, Task& task, Boolean asyncWrite, SqlDataReader ds)
   at System.Data.SqlClient.SqlCommand.RunExecuteReader(CommandBehavior cmdBehavior, RunBehavior runBehavior, Boolean returnStream, String method, TaskCompletionSource`1 completion, Int32 timeout, Task& task, Boolean asyncWrite)
   at System.Data.SqlClient.SqlCommand.RunExecuteReader(CommandBehavior cmdBehavior, RunBehavior runBehavior, Boolean returnStream, String method)
   at System.Data.SqlClient.SqlCommand.ExecuteReader(CommandBehavior behavior, String method)
   at System.Data.SqlClient.SqlCommand.ExecuteDbDataReader(CommandBehavior behavior)
   at System.Data.Common.DbCommand.System.Data.IDbCommand.ExecuteReader(CommandBehavior behavior)
   at System.Data.Common.DbDataAdapter.FillInternal(DataSet dataset, DataTable[] datatables, Int32 startRecord, Int32 maxRecords, String srcTable, IDbCommand command, CommandBehavior behavior)
   at System.Data.Common.DbDataAdapter.Fill(DataSet dataSet, Int32 startRecord, Int32 maxRecords, String srcTable, IDbCommand command, CommandBehavior behavior)
   at System.Data.Common.DbDataAdapter.Fill(DataSet dataSet)
   at AdminSite.DataAccessHelpers.ExecuteQuery(String query) in f:\Hien\Cong Ty\Web Application\DinhTan\Projects\DinhTan\AdminSite\DataAccessHelpers.cs:line 123
ClientConnectionId:05fcd316-7761-43f5-868b-24fb6e7b0d67
2015-05-13 22:48:24.2843 ERROR  -  [ucAbout][StartLoadAboutDetail] Exception: System.IndexOutOfRangeException: There is no row at position 0.
   at System.Data.RBTree`1.GetNodeByIndex(Int32 userIndex)
   at System.Data.DataRowCollection.get_Item(Int32 index)
   at AdminSite.UserControls.ucAbout.StartLoadAboutDetail() in f:\Hien\Cong Ty\Web Application\DinhTan\Projects\DinhTan\AdminSite\UserControls\ucAbout.ascx.cs:line 34
2015-05-13 22:50:13.5428 ERROR  -  [ucAbout][StartLoadAboutDetail] Exception: System.IndexOutOfRangeException: There is no row at position 0.
   at System.Data.RBTree`1.GetNodeByIndex(Int32 userIndex)
   at System.Data.DataRowCollection.get_Item(Int32 index)
   at AdminSite.UserControls.ucAbout.StartLoadAboutDetail() in f:\Hien\Cong Ty\Web Application\DinhTan\Projects\DinhTan\AdminSite\UserControls\ucAbout.ascx.cs:line 34
2015-05-13 22:59:43.6602 ERROR  -  [ucAbout][StartLoadAboutDetail] Exception: System.IndexOutOfRangeException: There is no row at position 0.
   at System.Data.RBTree`1.GetNodeByIndex(Int32 userIndex)
   at System.Data.DataRowCollection.get_Item(Int32 index)
   at AdminSite.UserControls.ucAbout.StartLoadAboutDetail() in f:\Hien\Cong Ty\Web Application\DinhTan\Projects\DinhTan\AdminSite\UserControls\ucAbout.ascx.cs:line 34
