2015-05-06 01:57:21.7820 ERROR  -  [DataAccessHelpers][ExecuteStored] Error: System.Data.SqlTypes.SqlTypeException: SqlDateTime overflow. Must be between 1/1/1753 12:00:00 AM and 12/31/9999 11:59:59 PM.
   at System.Data.SqlClient.TdsParser.TdsExecuteRPC(_SqlRPC[] rpcArray, Int32 timeout, Boolean inSchema, SqlNotificationRequest notificationRequest, TdsParserStateObject stateObj, Boolean isCommandProc, Boolean sync, TaskCompletionSource`1 completion, Int32 startRpc, Int32 startParam)
   at System.Data.SqlClient.SqlCommand.RunExecuteReaderTds(CommandBehavior cmdBehavior, RunBehavior runBehavior, Boolean returnStream, Boolean async, Int32 timeout, Task& task, Boolean asyncWrite, SqlDataReader ds)
   at System.Data.SqlClient.SqlCommand.RunExecuteReader(CommandBehavior cmdBehavior, RunBehavior runBehavior, Boolean returnStream, String method, TaskCompletionSource`1 completion, Int32 timeout, Task& task, Boolean asyncWrite)
   at System.Data.SqlClient.SqlCommand.InternalExecuteNonQuery(TaskCompletionSource`1 completion, String methodName, Boolean sendToPipe, Int32 timeout, Boolean asyncWrite)
   at System.Data.SqlClient.SqlCommand.ExecuteNonQuery()
   at AdminSite.DataAccessHelpers.ExecuteStored(String stored, Hashtable hashTable) in f:\Hien\Cong Ty\Web Application\DinhTan\Projects\DinhTan\AdminSite\DataAccessHelpers.cs:line 261
2015-05-06 01:58:25.1031 ERROR  -  [DataAccessHelpers][ExecuteStored] Error: System.Data.SqlClient.SqlException (0x80131904): Procedure or function sp_Menu_Insert_Update has too many arguments specified.
   at System.Data.SqlClient.SqlConnection.OnError(SqlException exception, Boolean breakConnection, Action`1 wrapCloseInAction)
   at System.Data.SqlClient.SqlInternalConnection.OnError(SqlException exception, Boolean breakConnection, Action`1 wrapCloseInAction)
   at System.Data.SqlClient.TdsParser.ThrowExceptionAndWarning(TdsParserStateObject stateObj, Boolean callerHasConnectionLock, Boolean asyncClose)
   at System.Data.SqlClient.TdsParser.TryRun(RunBehavior runBehavior, SqlCommand cmdHandler, SqlDataReader dataStream, BulkCopySimpleResultSet bulkCopyHandler, TdsParserStateObject stateObj, Boolean& dataReady)
   at System.Data.SqlClient.SqlCommand.FinishExecuteReader(SqlDataReader ds, RunBehavior runBehavior, String resetOptionsString)
   at System.Data.SqlClient.SqlCommand.RunExecuteReaderTds(CommandBehavior cmdBehavior, RunBehavior runBehavior, Boolean returnStream, Boolean async, Int32 timeout, Task& task, Boolean asyncWrite, SqlDataReader ds)
   at System.Data.SqlClient.SqlCommand.RunExecuteReader(CommandBehavior cmdBehavior, RunBehavior runBehavior, Boolean returnStream, String method, TaskCompletionSource`1 completion, Int32 timeout, Task& task, Boolean asyncWrite)
   at System.Data.SqlClient.SqlCommand.InternalExecuteNonQuery(TaskCompletionSource`1 completion, String methodName, Boolean sendToPipe, Int32 timeout, Boolean asyncWrite)
   at System.Data.SqlClient.SqlCommand.ExecuteNonQuery()
   at AdminSite.DataAccessHelpers.ExecuteStored(String stored, Hashtable hashTable) in f:\Hien\Cong Ty\Web Application\DinhTan\Projects\DinhTan\AdminSite\DataAccessHelpers.cs:line 261
ClientConnectionId:b4bf97bd-5314-4fd4-a0ef-050b1c2948a5
2015-05-06 14:20:01.9622 ERROR  -  [Utilities][GetRedirectUrlObject] Error: System.IndexOutOfRangeException: Cannot find table 0.
   at System.Data.DataTableCollection.get_Item(Int32 index)
   at AdminSite.Utilities.GetRedirectUrlObject(String name) in f:\Hien\Cong Ty\Web Application\DinhTan\Projects\DinhTan\AdminSite\Utilities.cs:line 37
2015-05-06 14:20:38.0209 ERROR  -  [Utilities][GetRedirectUrlObject] Error: System.IndexOutOfRangeException: Cannot find table 0.
   at System.Data.DataTableCollection.get_Item(Int32 index)
   at AdminSite.Utilities.GetRedirectUrlObject(String name) in f:\Hien\Cong Ty\Web Application\DinhTan\Projects\DinhTan\AdminSite\Utilities.cs:line 37
2015-05-06 14:20:41.3706 ERROR  -  [Utilities][GetRedirectUrlObject] Error: System.IndexOutOfRangeException: Cannot find table 0.
   at System.Data.DataTableCollection.get_Item(Int32 index)
   at AdminSite.Utilities.GetRedirectUrlObject(String name) in f:\Hien\Cong Ty\Web Application\DinhTan\Projects\DinhTan\AdminSite\Utilities.cs:line 37
2015-05-06 14:20:52.1229 ERROR  -  [Utilities][GetRedirectUrlObject] Error: System.IndexOutOfRangeException: Cannot find table 0.
   at System.Data.DataTableCollection.get_Item(Int32 index)
   at AdminSite.Utilities.GetRedirectUrlObject(String name) in f:\Hien\Cong Ty\Web Application\DinhTan\Projects\DinhTan\AdminSite\Utilities.cs:line 37
2015-05-06 15:39:17.9616 ERROR  -  [DataAccessHelpers][ExecuteQuery] Error: System.Data.SqlClient.SqlException (0x80131904): Incorrect syntax near the keyword 'from'.
   at System.Data.SqlClient.SqlConnection.OnError(SqlException exception, Boolean breakConnection, Action`1 wrapCloseInAction)
   at System.Data.SqlClient.SqlInternalConnection.OnError(SqlException exception, Boolean breakConnection, Action`1 wrapCloseInAction)
   at System.Data.SqlClient.TdsParser.ThrowExceptionAndWarning(TdsParserStateObject stateObj, Boolean callerHasConnectionLock, Boolean asyncClose)
   at System.Data.SqlClient.TdsParser.TryRun(RunBehavior runBehavior, SqlCommand cmdHandler, SqlDataReader dataStream, BulkCopySimpleResultSet bulkCopyHandler, TdsParserStateObject stateObj, Boolean& dataReady)
   at System.Data.SqlClient.SqlDataReader.TryConsumeMetaData()
   at System.Data.SqlClient.SqlDataReader.get_MetaData()
   at System.Data.SqlClient.SqlCommand.FinishExecuteReader(SqlDataReader ds, RunBehavior runBehavior, String resetOptionsString)
   at System.Data.SqlClient.SqlCommand.RunExecuteReaderTds(CommandBehavior cmdBehavior, RunBehavior runBehavior, Boolean returnStream, Boolean async, Int32 timeout, Task& task, Boolean asyncWrite, SqlDataReader ds)
   at System.Data.SqlClient.SqlCommand.RunExecuteReader(CommandBehavior cmdBehavior, RunBehavior runBehavior, Boolean returnStream, String method, TaskCompletionSource`1 completion, Int32 timeout, Task& task, Boolean asyncWrite)
   at System.Data.SqlClient.SqlCommand.RunExecuteReader(CommandBehavior cmdBehavior, RunBehavior runBehavior, Boolean returnStream, String method)
   at System.Data.SqlClient.SqlCommand.ExecuteReader(CommandBehavior behavior, String method)
   at System.Data.SqlClient.SqlCommand.ExecuteDbDataReader(CommandBehavior behavior)
   at System.Data.Common.DbCommand.System.Data.IDbCommand.ExecuteReader(CommandBehavior behavior)
   at System.Data.Common.DbDataAdapter.FillInternal(DataSet dataset, DataTable[] datatables, Int32 startRecord, Int32 maxRecords, String srcTable, IDbCommand command, CommandBehavior behavior)
   at System.Data.Common.DbDataAdapter.Fill(DataSet dataSet, Int32 startRecord, Int32 maxRecords, String srcTable, IDbCommand command, CommandBehavior behavior)
   at System.Data.Common.DbDataAdapter.Fill(DataSet dataSet)
   at AdminSite.DataAccessHelpers.ExecuteQuery(String query) in f:\Hien\Cong Ty\Web Application\DinhTan\Projects\DinhTan\AdminSite\DataAccessHelpers.cs:line 123
ClientConnectionId:3c898501-0136-4027-8447-c258a52c4f08
