[Aug/14/2017 11:29:27.996AM] (8) Company.DataAccess.PostRepository.InsertOrUpdateReturnObject DEBUG Id: 0 - Title: fdsgdfgdfgsdfg 
[Aug/14/2017 11:29:28.093AM] (10) Company.DataAccess.PostRepository.Get DEBUG parentId: {0} - records: {1} - condition: {2} - orderFields: {3} - orderType: {4} 
[Aug/14/2017 11:29:47.061AM] (8) Company.DataAccess.PostRepository.InsertOrUpdateReturnObject DEBUG Id: 0 - Title: sdafsdfsdf 
[Aug/14/2017 11:29:47.109AM] (10) Company.DataAccess.PostRepository.Get DEBUG parentId: {0} - records: {1} - condition: {2} - orderFields: {3} - orderType: {4} 
[Aug/14/2017 11:30:02.025AM] (7) Company.DataAccess.PostRepository.InsertOrUpdateReturnObject DEBUG Id: 0 - Title: sdafsdfsdf 
[Aug/14/2017 11:31:04.712AM] (10) Company.DataAccess.PostRepository.InsertOrUpdateReturnObject DEBUG Id: 0 - Title: sadfsdf 
[Aug/14/2017 11:31:04.766AM] (7) Company.DataAccess.PostRepository.Get DEBUG parentId: {0} - records: {1} - condition: {2} - orderFields: {3} - orderType: {4} 
[Aug/14/2017 01:22:46.880PM] (8) Company.DataAccess.PostRepository.InsertOrUpdateReturnObject DEBUG Id: 0 - Title: dsafdfsdf 
[Aug/14/2017 01:22:53.820PM] (8) Company.DataAccess.PostRepository.Get DEBUG parentId: {0} - records: {1} - condition: {2} - orderFields: {3} - orderType: {4} 
[Aug/14/2017 02:34:25.682PM] (6) Company.DataAccess.PostRepository.Get DEBUG parentId: {0} - records: {1} - condition: {2} - orderFields: {3} - orderType: {4} 
[Aug/14/2017 02:36:39.555PM] (13) Company.DataAccess.PostRepository.Get DEBUG parentId: {0} - records: {1} - condition: {2} - orderFields: {3} - orderType: {4} 
[Aug/14/2017 02:37:22.208PM] (14) Company.DataAccess.PostRepository.Get DEBUG parentId: {0} - records: {1} - condition: {2} - orderFields: {3} - orderType: {4} 
[Aug/14/2017 02:37:46.030PM] (12) Company.DataAccess.PostRepository.Get DEBUG parentId: {0} - records: {1} - condition: {2} - orderFields: {3} - orderType: {4} 
[Aug/14/2017 02:41:20.170PM] (18) Company.DataAccess.PostRepository.InsertOrUpdateReturnObject DEBUG Id: 0 - Title: sdafsdfsdfsd 
[Aug/14/2017 02:41:20.196PM] (7) Company.DataAccess.PostRepository.Get DEBUG parentId: {0} - records: {1} - condition: {2} - orderFields: {3} - orderType: {4} 
[Aug/14/2017 02:41:23.100PM] (36) Company.DataAccess.PostRepository.Get DEBUG itemKey: sdafsdfsdfsd 
[Aug/14/2017 02:56:42.669PM] (16) Company.DataAccess.PostRepository.Get DEBUG parentId: {0} - records: {1} - condition: {2} - orderFields: {3} - orderType: {4} 
[Aug/14/2017 02:57:27.654PM] (7) Company.DataAccess.PostRepository.Get DEBUG parentId: {0} - records: {1} - condition: {2} - orderFields: {3} - orderType: {4} 
[Aug/14/2017 02:57:59.306PM] (8) Company.DataAccess.PostRepository.Get DEBUG parentId: {0} - records: {1} - condition: {2} - orderFields: {3} - orderType: {4} 
[Aug/14/2017 03:19:51.506PM] (12) Company.DataAccess.PostRepository.Get DEBUG parentId: {0} - records: {1} - condition: {2} - orderFields: {3} - orderType: {4} 
[Aug/14/2017 03:19:54.336PM] (12) Company.DataAccess.PostRepository.Get DEBUG itemKey: sdafsdfsdfsd 
[Aug/14/2017 03:19:58.798PM] (8) Company.DataAccess.PostRepository.Get DEBUG itemKey: sdafsdfsdfsd 
[Aug/14/2017 03:20:01.128PM] (5) Company.DataAccess.PostRepository.Get DEBUG itemKey: dsafdfsdf 
[Aug/14/2017 03:21:40.684PM] (17) Company.DataAccess.PostRepository.Get DEBUG itemKey: dsafdfsdf 
[Aug/14/2017 03:21:51.594PM] (13) Company.DataAccess.PostRepository.Get DEBUG parentId: {0} - records: {1} - condition: {2} - orderFields: {3} - orderType: {4} 
[Aug/14/2017 03:21:54.280PM] (5) Company.DataAccess.PostRepository.Get DEBUG itemKey: sdafsdfsdfsd 
[Aug/14/2017 03:33:00.241PM] (34) Company.DataAccess.PostRepository.Get DEBUG itemKey: forms-validation.html 
[Aug/14/2017 03:33:00.261PM] (40) Company.DataAccess.PostRepository.Get DEBUG parentId: {0} - records: {1} - condition: {2} - orderFields: {3} - orderType: {4} 
[Aug/14/2017 03:38:49.784PM] (13) Company.DataAccess.PostRepository.Get DEBUG parentId: {0} - records: {1} - condition: {2} - orderFields: {3} - orderType: {4} 
