2015-05-15 01:07:43.1893 ERROR  -  [ucNewsList][lvNews_ItemDataBound] Exception: System.InvalidCastException: Unable to cast object of type 'System.Web.UI.HtmlControls.HtmlAnchor' to type 'System.Web.UI.WebControls.HyperLink'.
   at FrontEndSite.UserControls.ucNewsList.lvNews_ItemDataBound(Object sender, ListViewItemEventArgs e) in f:\Hien\Cong Ty\Web Application\DinhTan\Projects\DinhTan\FrontEndSite\UserControls\ucNewsList.ascx.cs:line 60
2015-05-15 01:07:49.3674 ERROR  -  [ucNewsList][lvNews_ItemDataBound] Exception: System.InvalidCastException: Unable to cast object of type 'System.Web.UI.HtmlControls.HtmlAnchor' to type 'System.Web.UI.WebControls.HyperLink'.
   at FrontEndSite.UserControls.ucNewsList.lvNews_ItemDataBound(Object sender, ListViewItemEventArgs e) in f:\Hien\Cong Ty\Web Application\DinhTan\Projects\DinhTan\FrontEndSite\UserControls\ucNewsList.ascx.cs:line 60
2015-05-15 01:08:33.7894 ERROR  -  [ucNewsList][lvNews_ItemDataBound] Exception: System.InvalidCastException: Unable to cast object of type 'System.Web.UI.HtmlControls.HtmlAnchor' to type 'System.Web.UI.WebControls.HyperLink'.
   at FrontEndSite.UserControls.ucNewsList.lvNews_ItemDataBound(Object sender, ListViewItemEventArgs e) in f:\Hien\Cong Ty\Web Application\DinhTan\Projects\DinhTan\FrontEndSite\UserControls\ucNewsList.ascx.cs:line 60
2015-05-15 10:24:15.7574 INFO  -  [ucNewsList][StartLoadHeader]-[MenuId = 1] Status: Start.
2015-05-15 10:24:16.0524 INFO  -  [ucNewsList][StartLoadHeader]-[MenuId = 1] Status: End.
2015-05-15 10:24:16.0524 INFO  -  [ucNewsList][StartBindingData]-[MenuId = 1] Status: Start.
2015-05-15 10:24:16.1199 INFO  -  [ucNewsList][StartBindingData]-[MenuId = 1] Status: End.
2015-05-15 10:26:22.2031 INFO  -  [ucNewsList][StartLoadHeader]-[MenuId = 1] Status: Start.
2015-05-15 10:26:22.2391 INFO  -  [ucNewsList][StartLoadHeader]-[MenuId = 1] Status: End.
2015-05-15 10:26:22.2391 INFO  -  [ucNewsList][StartBindingData]-[MenuId = 1] Status: Start.
2015-05-15 10:26:22.2641 INFO  -  [ucNewsList][StartBindingData]-[MenuId = 1] Status: End.
2015-05-15 10:27:31.8244 INFO  -  [ucNewsList][StartLoadHeader]-[MenuId = 1] Status: Start.
2015-05-15 10:27:31.8278 INFO  -  [ucNewsList][StartLoadHeader]-[MenuId = 1] Status: End.
2015-05-15 10:27:31.8278 INFO  -  [ucNewsList][StartBindingData]-[MenuId = 1] Status: Start.
2015-05-15 10:27:31.8278 INFO  -  [ucNewsList][StartBindingData]-[MenuId = 1] Status: End.
2015-05-15 10:45:16.0287 INFO  -  [ucNewsList][StartLoadHeader]-[MenuId = 1] Status: Start.
2015-05-15 10:45:16.0907 INFO  -  [ucNewsList][StartLoadHeader]-[MenuId = 1] Status: End.
2015-05-15 10:45:16.0927 INFO  -  [ucNewsList][StartBindingData]-[MenuId = 1] Status: Start.
2015-05-15 10:45:30.8065 ERROR  -  [ucNewsList][lvNews_ItemDataBound] Exception: System.InvalidCastException: Unable to cast object of type 'System.Web.UI.HtmlControls.HtmlGenericControl' to type 'System.Web.UI.WebControls.Label'.
   at FrontEndSite.UserControls.ucNewsList.lvNews_ItemDataBound(Object sender, ListViewItemEventArgs e) in f:\Hien\Cong Ty\Web Application\DinhTan\Projects\DinhTan\FrontEndSite\UserControls\ucNewsList.ascx.cs:line 106
2015-05-15 10:45:30.8065 INFO  -  [ucNewsList][StartBindingData]-[MenuId = 1] Status: End.
2015-05-15 10:45:56.4630 INFO  -  [ucNewsList][StartLoadHeader]-[MenuId = 1] Status: Start.
2015-05-15 10:45:56.5250 INFO  -  [ucNewsList][StartLoadHeader]-[MenuId = 1] Status: End.
2015-05-15 10:45:56.5250 INFO  -  [ucNewsList][StartBindingData]-[MenuId = 1] Status: Start.
2015-05-15 10:46:06.1088 INFO  -  [ucNewsList][StartBindingData]-[MenuId = 1] Status: End.
2015-05-15 10:50:52.9637 INFO  -  [ucNewsList][StartLoadHeader]-[MenuId = 1] Status: Start.
2015-05-15 10:50:53.0252 INFO  -  [ucNewsList][StartLoadHeader]-[MenuId = 1] Status: End.
2015-05-15 10:50:53.0252 INFO  -  [ucNewsList][StartBindingData]-[MenuId = 1] Status: Start.
2015-05-15 10:51:02.3101 INFO  -  [ucNewsList][StartBindingData]-[MenuId = 1] Status: End.
2015-05-15 12:49:20.0319 INFO  -  [ucProjectsList][StartBindingProjects]-[MenuId = 3] Status: Start.
2015-05-15 12:49:20.0835 INFO  -  [ucProjectsList][StartBindingProjects] Status: End.
2015-05-15 12:49:24.2362 INFO  -  [ucNewsList][StartLoadHeader]-[MenuId = 1] Status: Start.
2015-05-15 12:49:24.2362 INFO  -  [ucNewsList][StartLoadHeader]-[MenuId = 1] Status: End.
2015-05-15 12:49:24.2362 INFO  -  [ucNewsList][StartBindingData]-[MenuId = 1] Status: Start.
2015-05-15 12:49:24.2522 INFO  -  [ucNewsList][StartBindingData]-[MenuId = 1] Status: End.
2015-05-15 12:49:32.0024 INFO  -  [ucNewsList][StartLoadHeader]-[MenuId = 1] Status: Start.
2015-05-15 12:49:32.0024 INFO  -  [ucNewsList][StartLoadHeader]-[MenuId = 1] Status: End.
2015-05-15 12:49:32.0194 INFO  -  [ucNewsList][StartBindingData]-[MenuId = 1] Status: Start.
2015-05-15 12:49:32.0304 INFO  -  [ucNewsList][StartBindingData]-[MenuId = 1] Status: End.
2015-05-15 12:49:41.7323 INFO  -  [ucNewsList][StartLoadHeader]-[MenuId = 1] Status: Start.
2015-05-15 12:49:41.7494 INFO  -  [ucNewsList][StartLoadHeader]-[MenuId = 1] Status: End.
2015-05-15 12:49:41.7494 INFO  -  [ucNewsList][StartBindingData]-[MenuId = 1] Status: Start.
2015-05-15 12:49:41.7494 INFO  -  [ucNewsList][StartBindingData]-[MenuId = 1] Status: End.
2015-05-15 12:49:43.1175 INFO  -  [ucProjectsList][StartBindingProjects]-[MenuId = 25] Status: Start.
2015-05-15 12:49:43.1458 ERROR  -  [ucProjectsList][lvProjects_ItemDataBound] Exception: System.NullReferenceException: Object reference not set to an instance of an object.
   at FrontEndSite.UserControls.ucProjectsList.lvProjects_ItemDataBound(Object sender, ListViewItemEventArgs e) in f:\Hien\Cong Ty\Web Application\DinhTan\Projects\DinhTan\FrontEndSite\UserControls\ucProjectsList.ascx.cs:line 83
2015-05-15 12:49:43.1458 INFO  -  [ucProjectsList][StartBindingProjects] Status: End.
2015-05-15 12:50:48.0475 INFO  -  [ucProjectsList][StartBindingProjects]-[MenuId = 3] Status: Start.
2015-05-15 12:50:48.0872 INFO  -  [ucProjectsList][StartBindingProjects] Status: End.
2015-05-15 12:50:52.2485 INFO  -  [ucProjectsList][StartBindingProjects]-[MenuId = 25] Status: Start.
2015-05-15 12:50:52.3197 ERROR  -  [ucProjectsList][lvProjects_ItemDataBound] Exception: System.NullReferenceException: Object reference not set to an instance of an object.
   at FrontEndSite.UserControls.ucProjectsList.lvProjects_ItemDataBound(Object sender, ListViewItemEventArgs e) in f:\Hien\Cong Ty\Web Application\DinhTan\Projects\DinhTan\FrontEndSite\UserControls\ucProjectsList.ascx.cs:line 83
2015-05-15 12:50:52.3197 INFO  -  [ucProjectsList][StartBindingProjects] Status: End.
2015-05-15 12:50:54.9257 INFO  -  [ucProjectsList][StartBindingProjects]-[MenuId = 3] Status: Start.
2015-05-15 12:50:54.9401 INFO  -  [ucProjectsList][StartBindingProjects] Status: End.
2015-05-15 13:05:36.2494 INFO  -  [ucProjectsList][StartBindingProjects]-[MenuId = 3] Status: Start.
2015-05-15 13:05:36.3199 INFO  -  [ucProjectsList][StartBindingProjects] Status: End.
2015-05-15 13:05:46.9544 INFO  -  [ucNewsList][StartLoadHeader]-[MenuId = 1] Status: Start.
2015-05-15 13:05:46.9544 INFO  -  [ucNewsList][StartLoadHeader]-[MenuId = 1] Status: End.
2015-05-15 13:05:46.9544 INFO  -  [ucNewsList][StartBindingData]-[MenuId = 1] Status: Start.
2015-05-15 13:05:46.9689 INFO  -  [ucNewsList][StartBindingData]-[MenuId = 1] Status: End.
2015-05-15 13:12:36.6588 INFO  -  [ucNewsList][StartLoadHeader]-[MenuId = 1] Status: Start.
2015-05-15 13:12:36.6707 INFO  -  [ucNewsList][StartLoadHeader]-[MenuId = 1] Status: End.
2015-05-15 13:12:36.6707 INFO  -  [ucNewsList][StartBindingData]-[MenuId = 1] Status: Start.
2015-05-15 13:12:36.6707 INFO  -  [ucNewsList][StartBindingData]-[MenuId = 1] Status: End.
2015-05-15 13:16:00.8545 INFO  -  [ucNewsList][StartLoadHeader]-[MenuId = 1] Status: Start.
2015-05-15 13:16:00.8625 INFO  -  [ucNewsList][StartLoadHeader]-[MenuId = 1] Status: End.
2015-05-15 13:16:00.8625 INFO  -  [ucNewsList][StartBindingData]-[MenuId = 1] Status: Start.
2015-05-15 13:16:00.8742 INFO  -  [ucNewsList][StartBindingData]-[MenuId = 1] Status: End.
2015-05-15 13:16:20.8580 INFO  -  [ucNewsList][StartLoadHeader]-[MenuId = 1] Status: Start.
2015-05-15 13:16:20.8660 INFO  -  [ucNewsList][StartLoadHeader]-[MenuId = 1] Status: End.
2015-05-15 13:16:20.8760 INFO  -  [ucNewsList][StartBindingData]-[MenuId = 1] Status: Start.
2015-05-15 13:16:20.8760 INFO  -  [ucNewsList][StartBindingData]-[MenuId = 1] Status: End.
2015-05-15 13:20:22.0318 INFO  -  [ucNewsList][StartLoadHeader]-[MenuId = 1] Status: Start.
2015-05-15 13:20:22.0318 INFO  -  [ucNewsList][StartLoadHeader]-[MenuId = 1] Status: End.
2015-05-15 13:20:22.0488 INFO  -  [ucNewsList][StartBindingData]-[MenuId = 1] Status: Start.
2015-05-15 13:20:22.0488 INFO  -  [ucNewsList][StartBindingData]-[MenuId = 1] Status: End.
2015-05-15 13:21:07.0765 INFO  -  [ucNewsList][StartLoadHeader]-[MenuId = 1] Status: Start.
2015-05-15 13:21:07.0835 INFO  -  [ucNewsList][StartLoadHeader]-[MenuId = 1] Status: End.
2015-05-15 13:21:07.0835 INFO  -  [ucNewsList][StartBindingData]-[MenuId = 1] Status: Start.
2015-05-15 13:21:07.0945 INFO  -  [ucNewsList][StartBindingData]-[MenuId = 1] Status: End.
2015-05-15 13:21:33.1960 INFO  -  [ucNewsList][StartLoadHeader]-[MenuId = 1] Status: Start.
2015-05-15 13:21:33.1960 INFO  -  [ucNewsList][StartLoadHeader]-[MenuId = 1] Status: End.
2015-05-15 13:21:33.2040 INFO  -  [ucNewsList][StartBindingData]-[MenuId = 1] Status: Start.
2015-05-15 13:21:33.2040 INFO  -  [ucNewsList][StartBindingData]-[MenuId = 1] Status: End.
2015-05-15 13:22:40.8800 INFO  -  [ucNewsList][StartLoadHeader]-[MenuId = 1] Status: Start.
2015-05-15 13:22:40.8800 INFO  -  [ucNewsList][StartLoadHeader]-[MenuId = 1] Status: End.
2015-05-15 13:22:40.8920 INFO  -  [ucNewsList][StartBindingData]-[MenuId = 1] Status: Start.
2015-05-15 13:22:40.8920 INFO  -  [ucNewsList][StartBindingData]-[MenuId = 1] Status: End.
2015-05-15 13:22:46.7358 INFO  -  [ucNewsList][StartLoadHeader]-[MenuId = 1] Status: Start.
2015-05-15 13:22:46.7358 INFO  -  [ucNewsList][StartLoadHeader]-[MenuId = 1] Status: End.
2015-05-15 13:22:46.7528 INFO  -  [ucNewsList][StartBindingData]-[MenuId = 1] Status: Start.
2015-05-15 13:22:46.7658 INFO  -  [ucNewsList][StartBindingData]-[MenuId = 1] Status: End.
2015-05-15 13:23:05.6788 INFO  -  [ucNewsList][StartLoadHeader]-[MenuId = 1] Status: Start.
2015-05-15 13:23:05.6878 INFO  -  [ucNewsList][StartLoadHeader]-[MenuId = 1] Status: End.
2015-05-15 13:23:05.6878 INFO  -  [ucNewsList][StartBindingData]-[MenuId = 1] Status: Start.
2015-05-15 13:23:05.7028 INFO  -  [ucNewsList][StartBindingData]-[MenuId = 1] Status: End.
2015-05-15 13:24:00.9679 INFO  -  [ucNewsList][StartLoadHeader]-[MenuId = 1] Status: Start.
2015-05-15 13:24:00.9679 INFO  -  [ucNewsList][StartLoadHeader]-[MenuId = 1] Status: End.
2015-05-15 13:24:00.9879 INFO  -  [ucNewsList][StartBindingData]-[MenuId = 1] Status: Start.
2015-05-15 13:24:00.9879 INFO  -  [ucNewsList][StartBindingData]-[MenuId = 1] Status: End.
2015-05-15 13:27:56.3591 INFO  -  [ucNewsList][StartLoadHeader]-[MenuId = 1] Status: Start.
2015-05-15 13:27:56.3591 INFO  -  [ucNewsList][StartLoadHeader]-[MenuId = 1] Status: End.
2015-05-15 13:27:56.3591 INFO  -  [ucNewsList][StartBindingData]-[MenuId = 1] Status: Start.
2015-05-15 13:27:56.3761 INFO  -  [ucNewsList][StartBindingData]-[MenuId = 1] Status: End.
2015-05-15 13:34:11.8694 INFO  -  [ucNewsList][StartLoadHeader]-[MenuId = 1] Status: Start.
2015-05-15 13:34:11.8694 INFO  -  [ucNewsList][StartLoadHeader]-[MenuId = 1] Status: End.
2015-05-15 13:34:11.8741 INFO  -  [ucNewsList][StartBindingData]-[MenuId = 1] Status: Start.
2015-05-15 13:34:11.8741 INFO  -  [ucNewsList][StartBindingData]-[MenuId = 1] Status: End.
2015-05-15 13:34:44.0617 INFO  -  [ucNewsList][StartLoadHeader]-[MenuId = 1] Status: Start.
2015-05-15 13:34:44.0617 INFO  -  [ucNewsList][StartLoadHeader]-[MenuId = 1] Status: End.
2015-05-15 13:34:44.0617 INFO  -  [ucNewsList][StartBindingData]-[MenuId = 1] Status: Start.
2015-05-15 13:34:44.0617 INFO  -  [ucNewsList][StartBindingData]-[MenuId = 1] Status: End.
2015-05-15 13:34:59.3434 INFO  -  [ucNewsList][StartLoadHeader]-[MenuId = 1] Status: Start.
2015-05-15 13:34:59.3434 INFO  -  [ucNewsList][StartLoadHeader]-[MenuId = 1] Status: End.
2015-05-15 13:34:59.3434 INFO  -  [ucNewsList][StartBindingData]-[MenuId = 1] Status: Start.
2015-05-15 13:34:59.3434 INFO  -  [ucNewsList][StartBindingData]-[MenuId = 1] Status: End.
2015-05-15 13:35:09.9075 INFO  -  [ucNewsList][StartLoadHeader]-[MenuId = 1] Status: Start.
2015-05-15 13:35:09.9075 INFO  -  [ucNewsList][StartLoadHeader]-[MenuId = 1] Status: End.
2015-05-15 13:35:09.9255 INFO  -  [ucNewsList][StartBindingData]-[MenuId = 1] Status: Start.
2015-05-15 13:35:09.9255 INFO  -  [ucNewsList][StartBindingData]-[MenuId = 1] Status: End.
2015-05-15 13:35:37.3472 INFO  -  [ucNewsList][StartLoadHeader]-[MenuId = 1] Status: Start.
2015-05-15 13:35:37.3472 INFO  -  [ucNewsList][StartLoadHeader]-[MenuId = 1] Status: End.
2015-05-15 13:35:37.3472 INFO  -  [ucNewsList][StartBindingData]-[MenuId = 1] Status: Start.
2015-05-15 13:35:37.3472 INFO  -  [ucNewsList][StartBindingData]-[MenuId = 1] Status: End.
2015-05-15 13:41:24.4740 INFO  -  [ucNewsList][StartLoadHeader]-[MenuId = 1] Status: Start.
2015-05-15 13:41:24.4882 INFO  -  [ucNewsList][StartLoadHeader]-[MenuId = 1] Status: End.
2015-05-15 13:41:24.4882 INFO  -  [ucNewsList][StartBindingData]-[MenuId = 1] Status: Start.
2015-05-15 13:41:24.5148 INFO  -  [ucNewsList][StartBindingData]-[MenuId = 1] Status: End.
2015-05-15 13:42:49.7256 INFO  -  [ucProjectsList][StartBindingProjects]-[MenuId = 25] Status: Start.
2015-05-15 13:42:49.7256 ERROR  -  [ucProjectsList][lvProjects_ItemDataBound] Exception: System.NullReferenceException: Object reference not set to an instance of an object.
   at FrontEndSite.UserControls.ucProjectsList.lvProjects_ItemDataBound(Object sender, ListViewItemEventArgs e) in f:\Hien\Cong Ty\Web Application\DinhTan\Projects\DinhTan\FrontEndSite\UserControls\ucProjectsList.ascx.cs:line 83
2015-05-15 13:42:49.7364 INFO  -  [ucProjectsList][StartBindingProjects] Status: End.
2015-05-15 13:42:51.1341 INFO  -  [ucProjectsList][StartBindingProjects]-[MenuId = 3] Status: Start.
2015-05-15 13:42:51.1512 INFO  -  [ucProjectsList][StartBindingProjects] Status: End.
2015-05-15 13:42:57.2260 INFO  -  [ucProjectsList][StartBindingProjects]-[MenuId = 25] Status: Start.
2015-05-15 13:42:57.2360 ERROR  -  [ucProjectsList][lvProjects_ItemDataBound] Exception: System.NullReferenceException: Object reference not set to an instance of an object.
   at FrontEndSite.UserControls.ucProjectsList.lvProjects_ItemDataBound(Object sender, ListViewItemEventArgs e) in f:\Hien\Cong Ty\Web Application\DinhTan\Projects\DinhTan\FrontEndSite\UserControls\ucProjectsList.ascx.cs:line 83
2015-05-15 13:42:57.2360 INFO  -  [ucProjectsList][StartBindingProjects] Status: End.
2015-05-15 13:43:16.2021 INFO  -  [ucProjectsList][StartBindingProjects]-[MenuId = 25] Status: Start.
2015-05-15 13:43:16.2021 ERROR  -  [ucProjectsList][lvProjects_ItemDataBound] Exception: System.NullReferenceException: Object reference not set to an instance of an object.
   at FrontEndSite.UserControls.ucProjectsList.lvProjects_ItemDataBound(Object sender, ListViewItemEventArgs e) in f:\Hien\Cong Ty\Web Application\DinhTan\Projects\DinhTan\FrontEndSite\UserControls\ucProjectsList.ascx.cs:line 83
2015-05-15 13:43:16.2021 INFO  -  [ucProjectsList][StartBindingProjects] Status: End.
2015-05-15 13:43:21.4987 INFO  -  [ucNewsList][StartLoadHeader]-[MenuId = 1] Status: Start.
2015-05-15 13:43:21.5067 INFO  -  [ucNewsList][StartLoadHeader]-[MenuId = 1] Status: End.
2015-05-15 13:43:21.5067 INFO  -  [ucNewsList][StartBindingData]-[MenuId = 1] Status: Start.
2015-05-15 13:43:21.5177 INFO  -  [ucNewsList][StartBindingData]-[MenuId = 1] Status: End.
2015-05-15 13:43:24.3499 INFO  -  [ucProjectsList][StartBindingProjects]-[MenuId = 25] Status: Start.
2015-05-15 13:43:24.3589 ERROR  -  [ucProjectsList][lvProjects_ItemDataBound] Exception: System.NullReferenceException: Object reference not set to an instance of an object.
   at FrontEndSite.UserControls.ucProjectsList.lvProjects_ItemDataBound(Object sender, ListViewItemEventArgs e) in f:\Hien\Cong Ty\Web Application\DinhTan\Projects\DinhTan\FrontEndSite\UserControls\ucProjectsList.ascx.cs:line 83
2015-05-15 13:43:24.3589 INFO  -  [ucProjectsList][StartBindingProjects] Status: End.
2015-05-15 13:43:26.4528 INFO  -  [ucProjectsList][StartBindingProjects]-[MenuId = 3] Status: Start.
2015-05-15 13:43:26.4528 INFO  -  [ucProjectsList][StartBindingProjects] Status: End.
2015-05-15 13:43:55.6695 INFO  -  [ucProjectsList][StartBindingProjects]-[MenuId = 3] Status: Start.
2015-05-15 13:43:55.7095 INFO  -  [ucProjectsList][StartBindingProjects] Status: End.
2015-05-15 13:43:58.0412 INFO  -  [ucProjectsList][StartBindingProjects]-[MenuId = 25] Status: Start.
2015-05-15 13:44:16.1137 ERROR  -  [ucProjectsList][lvProjects_ItemDataBound] Exception: System.NullReferenceException: Object reference not set to an instance of an object.
   at FrontEndSite.UserControls.ucProjectsList.lvProjects_ItemDataBound(Object sender, ListViewItemEventArgs e) in f:\Hien\Cong Ty\Web Application\DinhTan\Projects\DinhTan\FrontEndSite\UserControls\ucProjectsList.ascx.cs:line 83
2015-05-15 13:44:16.1137 INFO  -  [ucProjectsList][StartBindingProjects] Status: End.
2015-05-15 13:44:55.8126 INFO  -  [ucProjectsList][StartBindingProjects]-[MenuId = 3] Status: Start.
2015-05-15 13:44:55.8459 INFO  -  [ucProjectsList][StartBindingProjects] Status: End.
2015-05-15 13:44:58.3091 INFO  -  [ucProjectsList][StartBindingProjects]-[MenuId = 25] Status: Start.
2015-05-15 13:44:58.3141 ERROR  -  [ucProjectsList][lvProjects_ItemDataBound] Exception: System.NullReferenceException: Object reference not set to an instance of an object.
   at FrontEndSite.UserControls.ucProjectsList.lvProjects_ItemDataBound(Object sender, ListViewItemEventArgs e) in f:\Hien\Cong Ty\Web Application\DinhTan\Projects\DinhTan\FrontEndSite\UserControls\ucProjectsList.ascx.cs:line 83
2015-05-15 13:44:58.3141 INFO  -  [ucProjectsList][StartBindingProjects] Status: End.
2015-05-15 17:26:54.8021 INFO  -  [ucProjectsList][StartBindingProjects]-[MenuId = 3] Status: Start.
2015-05-15 17:26:54.8330 INFO  -  [ucProjectsList][StartBindingProjects] Status: End.
2015-05-15 17:29:36.4687 INFO  -  [ucProjectsList][StartBindingProjects]-[MenuId = 3] Status: Start.
2015-05-15 17:29:36.5027 INFO  -  [ucProjectsList][StartBindingProjects] Status: End.
2015-05-15 17:31:56.3784 INFO  -  [ucProjectsList][StartBindingProjects]-[MenuId = 3] Status: Start.
2015-05-15 17:31:56.3784 INFO  -  [ucProjectsList][StartBindingProjects] Status: End.
2015-05-15 17:33:08.5160 INFO  -  [ucProjectsList][StartBindingProjects]-[MenuId = 3] Status: Start.
2015-05-15 17:33:08.5160 INFO  -  [ucProjectsList][StartBindingProjects] Status: End.
2015-05-15 17:33:20.5908 INFO  -  [ucProjectsList][StartBindingProjects]-[MenuId = 3] Status: Start.
2015-05-15 17:33:20.5938 INFO  -  [ucProjectsList][StartBindingProjects] Status: End.
2015-05-15 17:33:55.4443 INFO  -  [ucProjectsList][StartBindingProjects]-[MenuId = 3] Status: Start.
2015-05-15 17:33:55.4523 INFO  -  [ucProjectsList][StartBindingProjects] Status: End.
2015-05-15 17:34:08.2187 INFO  -  [ucProjectsList][StartBindingProjects]-[MenuId = 3] Status: Start.
2015-05-15 17:34:08.2187 INFO  -  [ucProjectsList][StartBindingProjects] Status: End.
2015-05-15 17:35:36.7335 INFO  -  [ucProjectsList][StartBindingProjects]-[MenuId = 3] Status: Start.
2015-05-15 17:35:36.7335 INFO  -  [ucProjectsList][StartBindingProjects] Status: End.
2015-05-15 17:36:41.7380 INFO  -  [ucProjectsList][StartBindingProjects]-[MenuId = 3] Status: Start.
2015-05-15 17:36:41.7510 INFO  -  [ucProjectsList][StartBindingProjects] Status: End.
2015-05-15 17:38:27.8568 INFO  -  [ucProjectsList][StartBindingProjects]-[MenuId = 3] Status: Start.
2015-05-15 17:38:27.8608 INFO  -  [ucProjectsList][StartBindingProjects] Status: End.
2015-05-15 17:38:50.0892 INFO  -  [ucProjectsList][StartBindingProjects]-[MenuId = 3] Status: Start.
2015-05-15 17:38:50.0892 INFO  -  [ucProjectsList][StartBindingProjects] Status: End.
2015-05-15 17:40:32.6707 INFO  -  [ucProjectsList][StartBindingProjects]-[MenuId = 3] Status: Start.
2015-05-15 17:40:32.6737 INFO  -  [ucProjectsList][StartBindingProjects] Status: End.
2015-05-15 17:41:02.9987 INFO  -  [ucProjectsList][StartBindingProjects]-[MenuId = 3] Status: Start.
2015-05-15 17:41:03.0027 INFO  -  [ucProjectsList][StartBindingProjects] Status: End.
2015-05-15 17:41:43.7424 INFO  -  [ucProjectsList][StartBindingProjects]-[MenuId = 3] Status: Start.
2015-05-15 17:41:43.7424 INFO  -  [ucProjectsList][StartBindingProjects] Status: End.
2015-05-15 17:42:13.9972 INFO  -  [ucProjectsList][StartBindingProjects]-[MenuId = 3] Status: Start.
2015-05-15 17:42:14.0022 INFO  -  [ucProjectsList][StartBindingProjects] Status: End.
2015-05-15 17:43:21.0317 INFO  -  [ucProjectsList][StartBindingProjects]-[MenuId = 3] Status: Start.
2015-05-15 17:43:21.0317 INFO  -  [ucProjectsList][StartBindingProjects] Status: End.
2015-05-15 17:44:45.7279 INFO  -  [ucProjectsList][StartBindingProjects]-[MenuId = 3] Status: Start.
2015-05-15 17:44:45.7279 INFO  -  [ucProjectsList][StartBindingProjects] Status: End.
2015-05-15 17:45:41.0867 INFO  -  [ucProjectsList][StartBindingProjects]-[MenuId = 3] Status: Start.
2015-05-15 17:45:41.0867 INFO  -  [ucProjectsList][StartBindingProjects] Status: End.
2015-05-15 17:45:53.1323 INFO  -  [ucProjectsList][StartBindingProjects]-[MenuId = 3] Status: Start.
2015-05-15 17:45:53.1323 INFO  -  [ucProjectsList][StartBindingProjects] Status: End.
2015-05-15 17:47:29.1814 INFO  -  [ucProjectsList][StartBindingProjects]-[MenuId = 3] Status: Start.
2015-05-15 17:47:29.1864 INFO  -  [ucProjectsList][StartBindingProjects] Status: End.
2015-05-15 17:47:34.9313 INFO  -  [ucProjectsList][StartBindingProjects]-[MenuId = 25] Status: Start.
2015-05-15 17:47:34.9528 ERROR  -  [ucProjectsList][lvProjects_ItemDataBound] Exception: System.NullReferenceException: Object reference not set to an instance of an object.
   at FrontEndSite.UserControls.ucProjectsList.lvProjects_ItemDataBound(Object sender, ListViewItemEventArgs e) in f:\Hien\Cong Ty\Web Application\DinhTan\Projects\DinhTan\FrontEndSite\UserControls\ucProjectsList.ascx.cs:line 83
2015-05-15 17:47:34.9528 INFO  -  [ucProjectsList][StartBindingProjects] Status: End.
2015-05-15 18:31:12.4303 INFO  -  [ucProjectsList][StartBindingProjects]-[MenuId = 3] Status: Start.
2015-05-15 18:31:14.8840 INFO  -  [ucProjectsList][StartBindingProjects] Status: End.
2015-05-15 18:31:20.3693 INFO  -  [ucNewsList][StartLoadHeader]-[MenuId = 1] Status: Start.
2015-05-15 18:31:20.4944 INFO  -  [ucNewsList][StartLoadHeader]-[MenuId = 1] Status: End.
2015-05-15 18:31:20.5100 INFO  -  [ucNewsList][StartBindingData]-[MenuId = 1] Status: Start.
2015-05-15 18:31:20.6662 INFO  -  [ucNewsList][StartBindingData]-[MenuId = 1] Status: End.
2015-05-15 18:31:35.2260 INFO  -  [ucProjectsList][StartBindingProjects]-[MenuId = 25] Status: Start.
2015-05-15 18:31:35.3822 ERROR  -  [ucProjectsList][lvProjects_ItemDataBound] Exception: System.NullReferenceException: Object reference not set to an instance of an object.
   at FrontEndSite.UserControls.ucProjectsList.lvProjects_ItemDataBound(Object sender, ListViewItemEventArgs e) in f:\Hien\Cong Ty\Web Application\DinhTan\Projects\DinhTan\FrontEndSite\UserControls\ucProjectsList.ascx.cs:line 83
2015-05-15 18:31:35.3822 INFO  -  [ucProjectsList][StartBindingProjects] Status: End.
2015-05-15 18:31:39.0406 INFO  -  [ucProjectsList][StartBindingProjects]-[MenuId = 25] Status: Start.
2015-05-15 18:31:39.0406 ERROR  -  [ucProjectsList][lvProjects_ItemDataBound] Exception: System.NullReferenceException: Object reference not set to an instance of an object.
   at FrontEndSite.UserControls.ucProjectsList.lvProjects_ItemDataBound(Object sender, ListViewItemEventArgs e) in f:\Hien\Cong Ty\Web Application\DinhTan\Projects\DinhTan\FrontEndSite\UserControls\ucProjectsList.ascx.cs:line 83
2015-05-15 18:31:39.0406 INFO  -  [ucProjectsList][StartBindingProjects] Status: End.
2015-05-15 18:31:40.4941 INFO  -  [ucNewsList][StartLoadHeader]-[MenuId = 1] Status: Start.
2015-05-15 18:31:40.4941 INFO  -  [ucNewsList][StartLoadHeader]-[MenuId = 1] Status: End.
2015-05-15 18:31:40.5097 INFO  -  [ucNewsList][StartBindingData]-[MenuId = 1] Status: Start.
2015-05-15 18:31:40.5097 INFO  -  [ucNewsList][StartBindingData]-[MenuId = 1] Status: End.
2015-05-15 18:33:29.5929 INFO  -  [ucNewsList][StartLoadHeader]-[MenuId = 1] Status: Start.
2015-05-15 18:33:29.6085 INFO  -  [ucNewsList][StartLoadHeader]-[MenuId = 1] Status: End.
2015-05-15 18:33:29.6241 INFO  -  [ucNewsList][StartBindingData]-[MenuId = 1] Status: Start.
2015-05-15 18:33:29.6241 INFO  -  [ucNewsList][StartBindingData]-[MenuId = 1] Status: End.
2015-05-15 18:33:32.4993 INFO  -  [ucProjectsList][StartBindingProjects]-[MenuId = 25] Status: Start.
2015-05-15 18:33:32.5149 ERROR  -  [ucProjectsList][lvProjects_ItemDataBound] Exception: System.NullReferenceException: Object reference not set to an instance of an object.
   at FrontEndSite.UserControls.ucProjectsList.lvProjects_ItemDataBound(Object sender, ListViewItemEventArgs e) in f:\Hien\Cong Ty\Web Application\DinhTan\Projects\DinhTan\FrontEndSite\UserControls\ucProjectsList.ascx.cs:line 83
2015-05-15 18:33:32.5149 INFO  -  [ucProjectsList][StartBindingProjects] Status: End.
2015-05-15 18:34:03.3864 INFO  -  [ucProjectsList][StartBindingProjects]-[MenuId = 3] Status: Start.
2015-05-15 18:34:03.7414 INFO  -  [ucProjectsList][StartBindingProjects] Status: End.
2015-05-15 18:47:43.3969 INFO  -  [ucProjectsList][StartBindingProjects]-[MenuId = 25] Status: Start.
2015-05-15 18:47:43.4535 ERROR  -  [ucProjectsList][lvProjects_ItemDataBound] Exception: System.NullReferenceException: Object reference not set to an instance of an object.
   at FrontEndSite.UserControls.ucProjectsList.lvProjects_ItemDataBound(Object sender, ListViewItemEventArgs e) in f:\Hien\Cong Ty\Web Application\DinhTan\Projects\DinhTan\FrontEndSite\UserControls\ucProjectsList.ascx.cs:line 83
2015-05-15 18:47:43.4535 INFO  -  [ucProjectsList][StartBindingProjects] Status: End.
2015-05-15 18:48:05.4728 INFO  -  [ucProjectsList][StartBindingProjects]-[MenuId = 25] Status: Start.
2015-05-15 18:48:05.4728 ERROR  -  [ucProjectsList][lvProjects_ItemDataBound] Exception: System.NullReferenceException: Object reference not set to an instance of an object.
   at FrontEndSite.UserControls.ucProjectsList.lvProjects_ItemDataBound(Object sender, ListViewItemEventArgs e) in f:\Hien\Cong Ty\Web Application\DinhTan\Projects\DinhTan\FrontEndSite\UserControls\ucProjectsList.ascx.cs:line 83
2015-05-15 18:48:05.4728 INFO  -  [ucProjectsList][StartBindingProjects] Status: End.
2015-05-15 18:50:17.0785 INFO  -  [ucProjectsList][StartBindingProjects]-[MenuId = 25] Status: Start.
2015-05-15 18:50:17.1015 ERROR  -  [ucProjectsList][lvProjects_ItemDataBound] Exception: System.NullReferenceException: Object reference not set to an instance of an object.
   at FrontEndSite.UserControls.ucProjectsList.lvProjects_ItemDataBound(Object sender, ListViewItemEventArgs e) in f:\Hien\Cong Ty\Web Application\DinhTan\Projects\DinhTan\FrontEndSite\UserControls\ucProjectsList.ascx.cs:line 83
2015-05-15 18:50:17.1015 INFO  -  [ucProjectsList][StartBindingProjects] Status: End.
2015-05-15 18:54:22.8697 INFO  -  [ucProjectsList][StartBindingProjects]-[MenuId = 25] Status: Start.
2015-05-15 18:54:22.8947 ERROR  -  [ucProjectsList][lvProjects_ItemDataBound] Exception: System.NullReferenceException: Object reference not set to an instance of an object.
   at FrontEndSite.UserControls.ucProjectsList.lvProjects_ItemDataBound(Object sender, ListViewItemEventArgs e) in f:\Hien\Cong Ty\Web Application\DinhTan\Projects\DinhTan\FrontEndSite\UserControls\ucProjectsList.ascx.cs:line 83
2015-05-15 18:54:22.8947 INFO  -  [ucProjectsList][StartBindingProjects] Status: End.
2015-05-15 18:58:23.4992 INFO  -  [ucProjectsList][StartBindingProjects]-[MenuId = 3] Status: Start.
2015-05-15 18:58:23.5283 INFO  -  [ucProjectsList][StartBindingProjects] Status: End.
2015-05-15 18:58:25.3869 INFO  -  [ucProjectsList][StartBindingProjects]-[MenuId = 25] Status: Start.
2015-05-15 18:58:25.3903 ERROR  -  [ucProjectsList][lvProjects_ItemDataBound] Exception: System.NullReferenceException: Object reference not set to an instance of an object.
   at FrontEndSite.UserControls.ucProjectsList.lvProjects_ItemDataBound(Object sender, ListViewItemEventArgs e) in f:\Hien\Cong Ty\Web Application\DinhTan\Projects\DinhTan\FrontEndSite\UserControls\ucProjectsList.ascx.cs:line 84
2015-05-15 18:58:25.3903 INFO  -  [ucProjectsList][StartBindingProjects] Status: End.
2015-05-15 18:59:21.8100 INFO  -  [ucProjectsList][StartBindingProjects]-[MenuId = 3] Status: Start.
2015-05-15 18:59:21.8521 INFO  -  [ucProjectsList][StartBindingProjects] Status: End.
2015-05-15 18:59:23.9756 INFO  -  [ucProjectsList][StartBindingProjects]-[MenuId = 25] Status: Start.
2015-05-15 18:59:41.2337 ERROR  -  [ucProjectsList][lvProjects_ItemDataBound] Exception: System.NullReferenceException: Object reference not set to an instance of an object.
   at FrontEndSite.UserControls.ucProjectsList.lvProjects_ItemDataBound(Object sender, ListViewItemEventArgs e) in f:\Hien\Cong Ty\Web Application\DinhTan\Projects\DinhTan\FrontEndSite\UserControls\ucProjectsList.ascx.cs:line 84
2015-05-15 18:59:41.2337 INFO  -  [ucProjectsList][StartBindingProjects] Status: End.
2015-05-15 19:00:19.6956 INFO  -  [ucProjectsList][StartBindingProjects]-[MenuId = 3] Status: Start.
2015-05-15 19:00:19.7822 INFO  -  [ucProjectsList][StartBindingProjects] Status: End.
2015-05-15 19:00:21.6331 INFO  -  [ucProjectsList][StartBindingProjects]-[MenuId = 25] Status: Start.
2015-05-15 19:00:51.9934 ERROR  -  [ucProjectsList][lvProjects_ItemDataBound] Exception: System.NullReferenceException: Object reference not set to an instance of an object.
   at FrontEndSite.UserControls.ucProjectsList.lvProjects_ItemDataBound(Object sender, ListViewItemEventArgs e) in f:\Hien\Cong Ty\Web Application\DinhTan\Projects\DinhTan\FrontEndSite\UserControls\ucProjectsList.ascx.cs:line 84
2015-05-15 19:00:51.9934 INFO  -  [ucProjectsList][StartBindingProjects] Status: End.
2015-05-15 19:01:12.9000 INFO  -  [ucProjectsList][StartBindingProjects]-[MenuId = 3] Status: Start.
2015-05-15 19:01:12.9660 INFO  -  [ucProjectsList][StartBindingProjects] Status: End.
2015-05-15 19:01:17.3139 INFO  -  [ucProjectsList][StartBindingProjects]-[MenuId = 25] Status: Start.
2015-05-15 19:01:24.4058 ERROR  -  [ucProjectsList][lvProjects_ItemDataBound] Exception: System.NullReferenceException: Object reference not set to an instance of an object.
   at FrontEndSite.UserControls.ucProjectsList.lvProjects_ItemDataBound(Object sender, ListViewItemEventArgs e) in f:\Hien\Cong Ty\Web Application\DinhTan\Projects\DinhTan\FrontEndSite\UserControls\ucProjectsList.ascx.cs:line 84
2015-05-15 19:01:24.4058 INFO  -  [ucProjectsList][StartBindingProjects] Status: End.
2015-05-15 19:03:36.6408 INFO  -  [ucProjectsList][StartBindingProjects]-[MenuId = 3] Status: Start.
2015-05-15 19:03:36.7200 INFO  -  [ucProjectsList][StartBindingProjects] Status: End.
2015-05-15 19:03:38.7424 INFO  -  [ucProjectsList][StartBindingProjects]-[MenuId = 25] Status: Start.
2015-05-15 19:03:48.6987 INFO  -  [ucProjectsList][StartBindingProjects] Status: End.
2015-05-15 19:04:39.0971 INFO  -  [ucProjectsList][StartBindingProjects]-[MenuId = 3] Status: Start.
2015-05-15 19:04:39.1272 INFO  -  [ucProjectsList][StartBindingProjects] Status: End.
2015-05-15 19:04:41.8285 INFO  -  [ucProjectsList][StartBindingProjects]-[MenuId = 25] Status: Start.
2015-05-15 19:04:41.8285 INFO  -  [ucProjectsList][StartBindingProjects] Status: End.
2015-05-15 19:05:19.2062 INFO  -  [ucProjectsList][StartBindingProjects]-[MenuId = 3] Status: Start.
2015-05-15 19:05:19.2370 INFO  -  [ucProjectsList][StartBindingProjects] Status: End.
2015-05-15 19:05:21.0865 INFO  -  [ucProjectsList][StartBindingProjects]-[MenuId = 25] Status: Start.
2015-05-15 19:05:21.0937 INFO  -  [ucProjectsList][StartBindingProjects] Status: End.
2015-05-15 19:06:03.4479 INFO  -  [ucProjectsList][StartBindingProjects]-[MenuId = 3] Status: Start.
2015-05-15 19:06:03.4788 INFO  -  [ucProjectsList][StartBindingProjects] Status: End.
2015-05-15 19:06:04.8487 INFO  -  [ucProjectsList][StartBindingProjects]-[MenuId = 25] Status: Start.
2015-05-15 19:06:04.8487 INFO  -  [ucProjectsList][StartBindingProjects] Status: End.
2015-05-15 19:06:41.6282 INFO  -  [ucProjectsList][StartBindingProjects]-[MenuId = 3] Status: Start.
2015-05-15 19:06:41.6566 INFO  -  [ucProjectsList][StartBindingProjects] Status: End.
2015-05-15 19:06:42.8908 INFO  -  [ucProjectsList][StartBindingProjects]-[MenuId = 25] Status: Start.
2015-05-15 19:06:42.8908 INFO  -  [ucProjectsList][StartBindingProjects] Status: End.
2015-05-15 19:07:07.7699 INFO  -  [ucProjectsList][StartBindingProjects]-[MenuId = 25] Status: Start.
2015-05-15 19:07:07.7699 INFO  -  [ucProjectsList][StartBindingProjects] Status: End.
2015-05-15 19:07:41.3996 INFO  -  [ucProjectsList][StartBindingProjects]-[MenuId = 25] Status: Start.
2015-05-15 19:07:41.3996 INFO  -  [ucProjectsList][StartBindingProjects] Status: End.
2015-05-15 19:07:51.7454 INFO  -  [ucProjectsList][StartBindingProjects]-[MenuId = 25] Status: Start.
2015-05-15 19:07:51.7506 INFO  -  [ucProjectsList][StartBindingProjects] Status: End.
2015-05-15 19:09:16.4029 INFO  -  [ucProjectsList][StartBindingProjects]-[MenuId = 3] Status: Start.
2015-05-15 19:09:16.4329 INFO  -  [ucProjectsList][StartBindingProjects] Status: End.
2015-05-15 19:09:18.2068 INFO  -  [ucProjectsList][StartBindingProjects]-[MenuId = 25] Status: Start.
2015-05-15 19:09:18.2068 INFO  -  [ucProjectsList][StartBindingProjects] Status: End.
2015-05-15 19:10:52.8495 INFO  -  [ucProjectsList][StartBindingProjects]-[MenuId = 3] Status: Start.
2015-05-15 19:10:52.8783 INFO  -  [ucProjectsList][StartBindingProjects] Status: End.
2015-05-15 19:10:55.2734 INFO  -  [ucProjectsList][StartBindingProjects]-[MenuId = 25] Status: Start.
2015-05-15 19:10:55.2805 INFO  -  [ucProjectsList][StartBindingProjects] Status: End.
2015-05-15 19:11:19.4699 INFO  -  [ucProjectsList][StartBindingProjects]-[MenuId = 25] Status: Start.
2015-05-15 19:11:19.4699 INFO  -  [ucProjectsList][StartBindingProjects] Status: End.
2015-05-15 19:25:31.4311 INFO  -  [ucProjectsList][StartBindingProjects]-[MenuId = 3] Status: Start.
2015-05-15 19:25:31.4611 INFO  -  [ucProjectsList][StartBindingProjects] Status: End.
2015-05-15 19:25:33.1436 INFO  -  [ucNewsList][StartLoadHeader]-[MenuId = 1] Status: Start.
2015-05-15 19:25:33.1436 INFO  -  [ucNewsList][StartLoadHeader]-[MenuId = 1] Status: End.
2015-05-15 19:25:33.1436 INFO  -  [ucNewsList][StartBindingData]-[MenuId = 1] Status: Start.
2015-05-15 19:25:33.1565 INFO  -  [ucNewsList][StartBindingData]-[MenuId = 1] Status: End.
2015-05-15 19:25:36.2097 INFO  -  [ucProjectsList][StartBindingProjects]-[MenuId = 25] Status: Start.
2015-05-15 19:25:36.2198 INFO  -  [ucProjectsList][StartBindingProjects] Status: End.
2015-05-15 19:25:38.2781 INFO  -  [ucNewsList][StartLoadHeader]-[MenuId = 1] Status: Start.
2015-05-15 19:25:38.2810 INFO  -  [ucNewsList][StartLoadHeader]-[MenuId = 1] Status: End.
2015-05-15 19:25:38.2810 INFO  -  [ucNewsList][StartBindingData]-[MenuId = 1] Status: Start.
2015-05-15 19:25:38.2810 INFO  -  [ucNewsList][StartBindingData]-[MenuId = 1] Status: End.
2015-05-15 20:54:20.0737 INFO  -  [ucProjectsList][StartBindingProjects]-[MenuId = 25] Status: Start.
2015-05-15 20:54:20.3394 INFO  -  [ucProjectsList][StartBindingProjects] Status: End.
2015-05-15 20:56:34.6963 INFO  -  [ucProjectsList][StartBindingProjects]-[MenuId = 25] Status: Start.
2015-05-15 20:56:34.7119 INFO  -  [ucProjectsList][StartBindingProjects] Status: End.
2015-05-15 20:57:15.1767 INFO  -  [ucProjectsList][StartBindingProjects]-[MenuId = 25] Status: Start.
2015-05-15 20:57:15.1924 INFO  -  [ucProjectsList][StartBindingProjects] Status: End.
2015-05-15 20:57:43.9361 INFO  -  [ucProjectsList][StartBindingProjects]-[MenuId = 25] Status: Start.
2015-05-15 20:57:43.9517 INFO  -  [ucProjectsList][StartBindingProjects] Status: End.
2015-05-15 20:57:59.9751 INFO  -  [ucProjectsList][StartBindingProjects]-[MenuId = 25] Status: Start.
2015-05-15 20:57:59.9751 INFO  -  [ucProjectsList][StartBindingProjects] Status: End.
2015-05-15 20:58:21.6482 INFO  -  [ucProjectsList][StartBindingProjects]-[MenuId = 25] Status: Start.
2015-05-15 20:58:21.6638 INFO  -  [ucProjectsList][StartBindingProjects] Status: End.
2015-05-15 20:59:24.4813 INFO  -  [ucProjectsList][StartBindingProjects]-[MenuId = 25] Status: Start.
2015-05-15 20:59:24.4813 INFO  -  [ucProjectsList][StartBindingProjects] Status: End.
2015-05-15 21:03:35.4821 INFO  -  [ucProjectsList][StartBindingProjects]-[MenuId = 25] Status: Start.
2015-05-15 21:03:35.4851 INFO  -  [ucProjectsList][StartBindingProjects] Status: End.
2015-05-15 21:08:30.5009 INFO  -  [ucProjectsList][StartBindingProjects]-[MenuId = 25] Status: Start.
2015-05-15 21:08:30.5009 INFO  -  [ucProjectsList][StartBindingProjects] Status: End.
2015-05-15 21:12:08.8465 INFO  -  [ucProjectsList][StartBindingProjects]-[MenuId = 25] Status: Start.
2015-05-15 21:12:08.8465 INFO  -  [ucProjectsList][StartBindingProjects] Status: End.
2015-05-15 21:13:34.4124 INFO  -  [ucProjectsList][StartBindingProjects]-[MenuId = 25] Status: Start.
2015-05-15 21:13:34.4124 INFO  -  [ucProjectsList][StartBindingProjects] Status: End.
2015-05-15 21:13:48.9209 INFO  -  [ucProjectsList][StartBindingProjects]-[MenuId = 25] Status: Start.
2015-05-15 21:13:48.9209 INFO  -  [ucProjectsList][StartBindingProjects] Status: End.
2015-05-15 21:14:45.2011 INFO  -  [ucProjectsList][StartBindingProjects]-[MenuId = 25] Status: Start.
2015-05-15 21:14:45.2204 INFO  -  [ucProjectsList][StartBindingProjects] Status: End.
2015-05-15 21:15:08.5171 INFO  -  [ucProjectsList][StartBindingProjects]-[MenuId = 25] Status: Start.
2015-05-15 21:15:08.5171 INFO  -  [ucProjectsList][StartBindingProjects] Status: End.
2015-05-15 21:16:40.3629 INFO  -  [ucProjectsList][StartBindingProjects]-[MenuId = 25] Status: Start.
2015-05-15 21:16:40.3950 INFO  -  [ucProjectsList][StartBindingProjects] Status: End.
2015-05-15 21:29:04.0363 INFO  -  [ucProjectsList][StartBindingProjects]-[MenuId = 25] Status: Start.
2015-05-15 21:29:04.0363 INFO  -  [ucProjectsList][StartBindingProjects] Status: End.
2015-05-15 21:29:36.5461 INFO  -  [ucProjectsList][StartBindingProjects]-[MenuId = 25] Status: Start.
2015-05-15 21:29:36.5461 INFO  -  [ucProjectsList][StartBindingProjects] Status: End.
2015-05-15 21:29:53.3253 INFO  -  [ucProjectsList][StartBindingProjects]-[MenuId = 25] Status: Start.
2015-05-15 21:29:53.3283 INFO  -  [ucProjectsList][StartBindingProjects] Status: End.
2015-05-15 21:32:24.8408 INFO  -  [ucProjectsList][StartBindingProjects]-[MenuId = 25] Status: Start.
2015-05-15 21:32:24.8448 INFO  -  [ucProjectsList][StartBindingProjects] Status: End.
2015-05-15 21:34:19.6676 INFO  -  [ucProjectsList][StartBindingProjects]-[MenuId = 25] Status: Start.
2015-05-15 21:34:19.6726 INFO  -  [ucProjectsList][StartBindingProjects] Status: End.
2015-05-15 21:39:28.6624 INFO  -  [ucProjectsList][StartBindingProjects]-[MenuId = 25] Status: Start.
2015-05-15 21:39:28.6624 INFO  -  [ucProjectsList][StartBindingProjects] Status: End.
2015-05-15 21:41:57.9247 INFO  -  [ucProjectsList][StartBindingProjects]-[MenuId = 25] Status: Start.
2015-05-15 21:41:57.9247 INFO  -  [ucProjectsList][StartBindingProjects] Status: End.
2015-05-15 21:44:44.0156 INFO  -  [ucProjectsList][StartBindingProjects]-[MenuId = 25] Status: Start.
2015-05-15 21:44:44.0156 INFO  -  [ucProjectsList][StartBindingProjects] Status: End.
2015-05-15 21:49:32.0564 INFO  -  [ucProjectsList][StartBindingProjects]-[MenuId = 25] Status: Start.
2015-05-15 21:49:32.0624 INFO  -  [ucProjectsList][StartBindingProjects] Status: End.
2015-05-15 21:50:14.5494 INFO  -  [ucProjectsList][StartBindingProjects]-[MenuId = 25] Status: Start.
2015-05-15 21:50:14.5494 INFO  -  [ucProjectsList][StartBindingProjects] Status: End.
2015-05-15 22:21:13.3393 INFO  -  [ucProjectsList][StartBindingProjects]-[MenuId = 25] Status: Start.
2015-05-15 22:21:13.3483 INFO  -  [ucProjectsList][StartBindingProjects] Status: End.
2015-05-15 22:23:06.7285 INFO  -  [ucProjectsList][StartBindingProjects]-[MenuId = 25] Status: Start.
2015-05-15 22:23:06.7335 INFO  -  [ucProjectsList][StartBindingProjects] Status: End.
2015-05-15 22:23:16.3200 INFO  -  [ucNewsList][StartLoadHeader]-[MenuId = 1] Status: Start.
2015-05-15 22:23:16.3200 INFO  -  [ucNewsList][StartLoadHeader]-[MenuId = 1] Status: End.
2015-05-15 22:23:16.3280 INFO  -  [ucNewsList][StartBindingData]-[MenuId = 1] Status: Start.
2015-05-15 22:23:16.3280 INFO  -  [ucNewsList][StartBindingData]-[MenuId = 1] Status: End.
2015-05-15 22:23:18.5243 INFO  -  [ucProjectsList][StartBindingProjects]-[MenuId = 25] Status: Start.
2015-05-15 22:23:18.5243 INFO  -  [ucProjectsList][StartBindingProjects] Status: End.
2015-05-15 22:24:25.5552 INFO  -  [ucProjectsList][StartBindingProjects]-[MenuId = 25] Status: Start.
2015-05-15 22:24:25.5633 INFO  -  [ucProjectsList][StartBindingProjects] Status: End.
2015-05-15 22:31:48.3722 INFO  -  [ucProjectsList][StartBindingProjects]-[MenuId = 3] Status: Start.
2015-05-15 22:31:48.4093 INFO  -  [ucProjectsList][StartBindingProjects] Status: End.
2015-05-15 22:31:51.8311 INFO  -  [ucProjectsList][StartBindingProjects]-[MenuId = 25] Status: Start.
2015-05-15 22:31:51.8311 INFO  -  [ucProjectsList][StartBindingProjects] Status: End.
2015-05-15 22:31:56.6438 INFO  -  [ucProjectsList][StartBindingProjects]-[MenuId = 26] Status: Start.
2015-05-15 22:31:56.6438 INFO  -  [ucProjectsList][StartBindingProjects] Status: End.
2015-05-15 22:32:00.1307 INFO  -  [ucNewsList][StartLoadHeader]-[MenuId = 1] Status: Start.
2015-05-15 22:32:00.1307 INFO  -  [ucNewsList][StartLoadHeader]-[MenuId = 1] Status: End.
2015-05-15 22:32:00.1397 INFO  -  [ucNewsList][StartBindingData]-[MenuId = 1] Status: Start.
2015-05-15 22:32:00.1397 INFO  -  [ucNewsList][StartBindingData]-[MenuId = 1] Status: End.
2015-05-15 22:32:02.9806 INFO  -  [ucProjectsList][StartBindingProjects]-[MenuId = 25] Status: Start.
2015-05-15 22:32:02.9836 INFO  -  [ucProjectsList][StartBindingProjects] Status: End.
2015-05-15 22:36:01.3702 INFO  -  [ucNewsList][StartLoadHeader]-[MenuId = 1] Status: Start.
2015-05-15 22:36:01.3942 INFO  -  [ucNewsList][StartLoadHeader]-[MenuId = 1] Status: End.
2015-05-15 22:36:01.3942 INFO  -  [ucNewsList][StartBindingData]-[MenuId = 1] Status: Start.
2015-05-15 22:36:01.4157 INFO  -  [ucNewsList][StartBindingData]-[MenuId = 1] Status: End.
2015-05-15 22:36:10.4896 INFO  -  [ucProjectsList][StartBindingProjects]-[MenuId = 25] Status: Start.
2015-05-15 22:36:10.4896 INFO  -  [ucProjectsList][StartBindingProjects] Status: End.
2015-05-15 22:38:13.6268 INFO  -  [ucProjectsList][StartBindingProjects]-[MenuId = 25] Status: Start.
2015-05-15 22:38:13.6268 INFO  -  [ucProjectsList][StartBindingProjects] Status: End.
2015-05-15 22:50:27.6775 INFO  -  [ucProjectsList][StartBindingProjects]-[MenuId = 3] Status: Start.
2015-05-15 22:50:27.7109 INFO  -  [ucProjectsList][StartBindingProjects] Status: End.
2015-05-15 22:50:36.5281 INFO  -  [ucProjectsList][StartBindingProjects]-[MenuId = 25] Status: Start.
2015-05-15 22:50:36.5311 INFO  -  [ucProjectsList][StartBindingProjects] Status: End.
2015-05-15 22:50:37.5991 INFO  -  [ucProjectDetail][StartShowProjectDetail]-[PeojectId = 1] Status: Start.
2015-05-15 22:50:37.5991 INFO  -  [ucProjectDetail][StartShowProjectDetail]-[PeojectId = 1] Status: End.
2015-05-15 22:53:43.6877 INFO  -  [ucProjectsList][StartBindingProjects]-[MenuId = 3] Status: Start.
2015-05-15 22:53:43.7236 INFO  -  [ucProjectsList][StartBindingProjects] Status: End.
2015-05-15 22:53:46.5204 INFO  -  [ucProjectsList][StartBindingProjects]-[MenuId = 25] Status: Start.
2015-05-15 22:53:46.5204 INFO  -  [ucProjectsList][StartBindingProjects] Status: End.
2015-05-15 22:53:47.3633 INFO  -  [ucProjectDetail][StartShowProjectDetail]-[PeojectId = 1] Status: Start.
2015-05-15 22:53:47.4064 INFO  -  [ucProjectDetail][StartShowProjectDetail]-[PeojectId = 1] Status: End.
2015-05-15 22:53:55.3098 INFO  -  [ucProjectDetail][StartShowProjectDetail]-[PeojectId = 2] Status: Start.
2015-05-15 22:53:55.3118 INFO  -  [ucProjectDetail][StartShowProjectDetail]-[PeojectId = 2] Status: End.
2015-05-15 22:53:58.1956 INFO  -  [ucProjectDetail][StartShowProjectDetail]-[PeojectId = 2] Status: Start.
2015-05-15 22:53:58.1956 INFO  -  [ucProjectDetail][StartShowProjectDetail]-[PeojectId = 2] Status: End.
2015-05-15 22:56:33.7960 INFO  -  [ucProjectsList][StartBindingProjects]-[MenuId = 3] Status: Start.
2015-05-15 22:56:33.8440 INFO  -  [ucProjectsList][StartBindingProjects] Status: End.
2015-05-15 22:56:36.2971 INFO  -  [ucProjectsList][StartBindingProjects]-[MenuId = 25] Status: Start.
2015-05-15 22:56:36.2971 INFO  -  [ucProjectsList][StartBindingProjects] Status: End.
2015-05-15 22:56:38.1485 INFO  -  [ucProjectDetail][StartShowProjectDetail]-[PeojectId = 1] Status: Start.
2015-05-15 22:56:38.1995 INFO  -  [ucProjectDetail][StartShowProjectDetail]-[PeojectId = 1] Status: End.
2015-05-15 22:56:41.2082 INFO  -  [ucProjectDetail][StartShowProjectDetail]-[PeojectId = 2] Status: Start.
2015-05-15 22:56:41.2082 INFO  -  [ucProjectDetail][StartShowProjectDetail]-[PeojectId = 2] Status: End.
2015-05-15 22:56:43.4221 INFO  -  [ucProjectDetail][StartShowProjectDetail]-[PeojectId = 3] Status: Start.
2015-05-15 22:56:43.4221 INFO  -  [ucProjectDetail][StartShowProjectDetail]-[PeojectId = 3] Status: End.
2015-05-15 22:56:47.7083 INFO  -  [ucProjectDetail][StartShowProjectDetail]-[PeojectId = 4] Status: Start.
2015-05-15 22:56:47.7083 INFO  -  [ucProjectDetail][StartShowProjectDetail]-[PeojectId = 4] Status: End.
2015-05-15 22:56:51.4430 INFO  -  [ucProjectDetail][StartShowProjectDetail]-[PeojectId = 5] Status: Start.
2015-05-15 22:56:51.4430 INFO  -  [ucProjectDetail][StartShowProjectDetail]-[PeojectId = 5] Status: End.
2015-05-15 22:56:55.9014 INFO  -  [ucNewsList][StartLoadHeader]-[MenuId = 1] Status: Start.
2015-05-15 22:56:55.9064 INFO  -  [ucNewsList][StartLoadHeader]-[MenuId = 1] Status: End.
2015-05-15 22:56:55.9064 INFO  -  [ucNewsList][StartBindingData]-[MenuId = 1] Status: Start.
2015-05-15 22:56:55.9064 INFO  -  [ucNewsList][StartBindingData]-[MenuId = 1] Status: End.
2015-05-15 22:56:58.7119 INFO  -  [ucProjectsList][StartBindingProjects]-[MenuId = 25] Status: Start.
2015-05-15 22:56:58.7119 INFO  -  [ucProjectsList][StartBindingProjects] Status: End.
2015-05-15 22:57:01.1769 INFO  -  [ucProjectDetail][StartShowProjectDetail]-[PeojectId = 2] Status: Start.
2015-05-15 22:57:01.1769 INFO  -  [ucProjectDetail][StartShowProjectDetail]-[PeojectId = 2] Status: End.
2015-05-15 23:05:07.0927 INFO  -  [ucProjectDetail][StartShowProjectDetail]-[PeojectId = 1] Status: Start.
2015-05-15 23:05:07.0957 INFO  -  [ucProjectDetail][StartShowProjectDetail]-[PeojectId = 1] Status: End.
2015-05-15 23:05:13.1146 INFO  -  [ucProjectDetail][StartShowProjectDetail]-[PeojectId = 3] Status: Start.
2015-05-15 23:05:13.1146 INFO  -  [ucProjectDetail][StartShowProjectDetail]-[PeojectId = 3] Status: End.
2015-05-15 23:05:16.5122 INFO  -  [ucProjectDetail][StartShowProjectDetail]-[PeojectId = 4] Status: Start.
2015-05-15 23:05:16.5152 INFO  -  [ucProjectDetail][StartShowProjectDetail]-[PeojectId = 4] Status: End.
2015-05-15 23:05:23.6153 INFO  -  [ucNewsList][StartLoadHeader]-[MenuId = 1] Status: Start.
2015-05-15 23:05:23.6153 INFO  -  [ucNewsList][StartLoadHeader]-[MenuId = 1] Status: End.
2015-05-15 23:05:23.6153 INFO  -  [ucNewsList][StartBindingData]-[MenuId = 1] Status: Start.
2015-05-15 23:05:23.6253 INFO  -  [ucNewsList][StartBindingData]-[MenuId = 1] Status: End.
2015-05-15 23:05:27.7609 INFO  -  [ucProjectsList][StartBindingProjects]-[MenuId = 26] Status: Start.
2015-05-15 23:05:27.7679 INFO  -  [ucProjectsList][StartBindingProjects] Status: End.
2015-05-15 23:05:31.0106 INFO  -  [ucProjectsList][StartBindingProjects]-[MenuId = 26] Status: Start.
2015-05-15 23:05:31.0106 INFO  -  [ucProjectsList][StartBindingProjects] Status: End.
2015-05-15 23:05:33.3535 INFO  -  [ucProjectsList][StartBindingProjects]-[MenuId = 25] Status: Start.
2015-05-15 23:05:33.3535 INFO  -  [ucProjectsList][StartBindingProjects] Status: End.
2015-05-15 23:05:34.8830 INFO  -  [ucProjectsList][StartBindingProjects]-[MenuId = 26] Status: Start.
2015-05-15 23:05:34.8830 INFO  -  [ucProjectsList][StartBindingProjects] Status: End.
2015-05-15 23:07:41.2974 INFO  -  [ucProjectsList][StartBindingProjects]-[MenuId = 3] Status: Start.
2015-05-15 23:07:41.3305 INFO  -  [ucProjectsList][StartBindingProjects] Status: End.
2015-05-15 23:07:51.5564 INFO  -  [ucNewsList][StartLoadHeader]-[MenuId = 1] Status: Start.
2015-05-15 23:07:51.5564 INFO  -  [ucNewsList][StartLoadHeader]-[MenuId = 1] Status: End.
2015-05-15 23:07:51.5641 INFO  -  [ucNewsList][StartBindingData]-[MenuId = 1] Status: Start.
2015-05-15 23:07:51.5641 INFO  -  [ucNewsList][StartBindingData]-[MenuId = 1] Status: End.
2015-05-15 23:12:49.5776 INFO  -  [ucProjectsList][StartBindingProjects]-[MenuId = 3] Status: Start.
2015-05-15 23:12:49.6245 INFO  -  [ucProjectsList][StartBindingProjects] Status: End.
2015-05-15 23:12:52.3576 INFO  -  [ucProjectsList][StartBindingProjects]-[MenuId = 25] Status: Start.
2015-05-15 23:12:52.3608 INFO  -  [ucProjectsList][StartBindingProjects] Status: End.
2015-05-15 23:13:03.5563 INFO  -  [ucNewsList][StartLoadHeader]-[MenuId = 1] Status: Start.
2015-05-15 23:13:03.5563 INFO  -  [ucNewsList][StartLoadHeader]-[MenuId = 1] Status: End.
2015-05-15 23:13:03.5623 INFO  -  [ucNewsList][StartBindingData]-[MenuId = 1] Status: Start.
2015-05-15 23:13:03.5623 INFO  -  [ucNewsList][StartBindingData]-[MenuId = 1] Status: End.
2015-05-15 23:17:13.2496 INFO  -  [ucNewsList][StartLoadHeader]-[MenuId = 1] Status: Start.
2015-05-15 23:17:13.2686 INFO  -  [ucNewsList][StartLoadHeader]-[MenuId = 1] Status: End.
2015-05-15 23:17:13.2686 INFO  -  [ucNewsList][StartBindingData]-[MenuId = 1] Status: Start.
2015-05-15 23:17:13.2806 INFO  -  [ucNewsList][StartBindingData]-[MenuId = 1] Status: End.
2015-05-15 23:19:08.3762 INFO  -  [ucNewsList][StartLoadHeader]-[MenuId = 1] Status: Start.
2015-05-15 23:19:08.3762 INFO  -  [ucNewsList][StartLoadHeader]-[MenuId = 1] Status: End.
2015-05-15 23:19:08.3762 INFO  -  [ucNewsList][StartBindingData]-[MenuId = 1] Status: Start.
2015-05-15 23:19:08.3762 INFO  -  [ucNewsList][StartBindingData]-[MenuId = 1] Status: End.
2015-05-15 23:21:13.1022 INFO  -  [ucProjectsList][StartBindingProjects]-[MenuId = 3] Status: Start.
2015-05-15 23:21:13.2023 INFO  -  [ucProjectsList][StartBindingProjects] Status: End.
2015-05-15 23:21:16.1304 INFO  -  [ucNewsList][StartLoadHeader]-[MenuId = 1] Status: Start.
2015-05-15 23:21:16.1404 INFO  -  [ucNewsList][StartLoadHeader]-[MenuId = 1] Status: End.
2015-05-15 23:21:16.1404 INFO  -  [ucNewsList][StartBindingData]-[MenuId = 1] Status: Start.
2015-05-15 23:21:27.8008 INFO  -  [ucNewsList][StartBindingData]-[MenuId = 1] Status: End.
2015-05-15 23:21:53.1095 INFO  -  [ucNewsList][StartLoadHeader]-[MenuId = 1] Status: Start.
2015-05-15 23:21:53.1095 INFO  -  [ucNewsList][StartLoadHeader]-[MenuId = 1] Status: End.
2015-05-15 23:21:53.1245 INFO  -  [ucNewsList][StartBindingData]-[MenuId = 1] Status: Start.
2015-05-15 23:21:53.1245 INFO  -  [ucNewsList][StartBindingData]-[MenuId = 1] Status: End.
2015-05-15 23:22:25.3348 INFO  -  [ucNewsList][StartLoadHeader]-[MenuId = 1] Status: Start.
2015-05-15 23:22:25.3348 INFO  -  [ucNewsList][StartLoadHeader]-[MenuId = 1] Status: End.
2015-05-15 23:22:25.3448 INFO  -  [ucNewsList][StartBindingData]-[MenuId = 1] Status: Start.
2015-05-15 23:22:25.3778 INFO  -  [ucNewsList][StartBindingData]-[MenuId = 1] Status: End.
2015-05-15 23:22:35.8188 INFO  -  [ucNewsList][StartLoadHeader]-[MenuId = 1] Status: Start.
2015-05-15 23:22:35.8188 INFO  -  [ucNewsList][StartLoadHeader]-[MenuId = 1] Status: End.
2015-05-15 23:22:35.8188 INFO  -  [ucNewsList][StartBindingData]-[MenuId = 1] Status: Start.
2015-05-15 23:22:35.8278 INFO  -  [ucNewsList][StartBindingData]-[MenuId = 1] Status: End.
2015-05-15 23:23:03.4283 INFO  -  [ucNewsList][StartLoadHeader]-[MenuId = 1] Status: Start.
2015-05-15 23:23:03.4283 INFO  -  [ucNewsList][StartLoadHeader]-[MenuId = 1] Status: End.
2015-05-15 23:23:03.4383 INFO  -  [ucNewsList][StartBindingData]-[MenuId = 1] Status: Start.
2015-05-15 23:23:03.4383 INFO  -  [ucNewsList][StartBindingData]-[MenuId = 1] Status: End.
2015-05-15 23:26:27.7723 INFO  -  [ucProjectsList][StartBindingProjects]-[MenuId = 3] Status: Start.
2015-05-15 23:26:27.8024 INFO  -  [ucProjectsList][StartBindingProjects] Status: End.
2015-05-15 23:26:29.6940 INFO  -  [ucNewsList][StartLoadHeader]-[MenuId = 1] Status: Start.
2015-05-15 23:26:29.6940 INFO  -  [ucNewsList][StartLoadHeader]-[MenuId = 1] Status: End.
2015-05-15 23:26:29.6940 INFO  -  [ucNewsList][StartBindingData]-[MenuId = 1] Status: Start.
2015-05-15 23:26:29.7040 INFO  -  [ucNewsList][StartBindingData]-[MenuId = 1] Status: End.
2015-05-15 23:31:32.0599 INFO  -  [ucProjectsList][StartBindingProjects]-[MenuId = 3] Status: Start.
2015-05-15 23:31:32.0909 INFO  -  [ucProjectsList][StartBindingProjects] Status: End.
2015-05-15 23:31:33.6279 INFO  -  [ucNewsList][StartLoadHeader]-[MenuId = 1] Status: Start.
2015-05-15 23:31:33.6279 INFO  -  [ucNewsList][StartLoadHeader]-[MenuId = 1] Status: End.
2015-05-15 23:31:33.6279 INFO  -  [ucNewsList][StartBindingData]-[MenuId = 1] Status: Start.
2015-05-15 23:31:33.6429 INFO  -  [ucNewsList][StartBindingData]-[MenuId = 1] Status: End.
2015-05-15 23:32:08.9034 INFO  -  [ucNewsList][StartLoadHeader]-[MenuId = 1] Status: Start.
2015-05-15 23:32:08.9094 INFO  -  [ucNewsList][StartLoadHeader]-[MenuId = 1] Status: End.
2015-05-15 23:32:08.9094 INFO  -  [ucNewsList][StartBindingData]-[MenuId = 1] Status: Start.
2015-05-15 23:32:08.9234 INFO  -  [ucNewsList][StartBindingData]-[MenuId = 1] Status: End.
2015-05-15 23:33:25.7765 INFO  -  [ucProjectsList][StartBindingProjects]-[MenuId = 3] Status: Start.
2015-05-15 23:33:25.8084 INFO  -  [ucProjectsList][StartBindingProjects] Status: End.
2015-05-15 23:33:30.2702 INFO  -  [ucNewsList][StartLoadHeader]-[MenuId = 1] Status: Start.
2015-05-15 23:33:30.2702 INFO  -  [ucNewsList][StartLoadHeader]-[MenuId = 1] Status: End.
2015-05-15 23:33:30.2702 INFO  -  [ucNewsList][StartBindingData]-[MenuId = 1] Status: Start.
2015-05-15 23:33:30.2805 INFO  -  [ucNewsList][StartBindingData]-[MenuId = 1] Status: End.
2015-05-15 23:34:00.2311 INFO  -  [ucNewsList][StartLoadHeader]-[MenuId = 1] Status: Start.
2015-05-15 23:34:00.2341 INFO  -  [ucNewsList][StartLoadHeader]-[MenuId = 1] Status: End.
2015-05-15 23:34:00.2341 INFO  -  [ucNewsList][StartBindingData]-[MenuId = 1] Status: Start.
2015-05-15 23:34:00.2341 INFO  -  [ucNewsList][StartBindingData]-[MenuId = 1] Status: End.
2015-05-15 23:35:24.4506 INFO  -  [ucNewsList][StartLoadHeader]-[MenuId = 1] Status: Start.
2015-05-15 23:35:24.4536 INFO  -  [ucNewsList][StartLoadHeader]-[MenuId = 1] Status: End.
2015-05-15 23:35:24.4536 INFO  -  [ucNewsList][StartBindingData]-[MenuId = 1] Status: Start.
2015-05-15 23:35:24.4536 INFO  -  [ucNewsList][StartBindingData]-[MenuId = 1] Status: End.
2015-05-15 23:35:50.8035 INFO  -  [ucNewsList][StartLoadHeader]-[MenuId = 1] Status: Start.
2015-05-15 23:35:50.8035 INFO  -  [ucNewsList][StartLoadHeader]-[MenuId = 1] Status: End.
2015-05-15 23:35:50.8035 INFO  -  [ucNewsList][StartBindingData]-[MenuId = 1] Status: Start.
2015-05-15 23:35:50.8135 INFO  -  [ucNewsList][StartBindingData]-[MenuId = 1] Status: End.
2015-05-15 23:37:32.6436 INFO  -  [ucProjectsList][StartBindingProjects]-[MenuId = 25] Status: Start.
2015-05-15 23:37:32.6436 INFO  -  [ucProjectsList][StartBindingProjects] Status: End.
2015-05-15 23:37:37.2400 INFO  -  [ucNewsList][StartLoadHeader]-[MenuId = 1] Status: Start.
2015-05-15 23:37:37.2400 INFO  -  [ucNewsList][StartLoadHeader]-[MenuId = 1] Status: End.
2015-05-15 23:37:37.2400 INFO  -  [ucNewsList][StartBindingData]-[MenuId = 1] Status: Start.
2015-05-15 23:37:37.2500 INFO  -  [ucNewsList][StartBindingData]-[MenuId = 1] Status: End.
2015-05-15 23:41:37.8289 INFO  -  [ucNewsList][StartLoadHeader]-[MenuId = 1] Status: Start.
2015-05-15 23:41:37.8289 INFO  -  [ucNewsList][StartLoadHeader]-[MenuId = 1] Status: End.
2015-05-15 23:41:37.8289 INFO  -  [ucNewsList][StartBindingData]-[MenuId = 1] Status: Start.
2015-05-15 23:41:37.8289 INFO  -  [ucNewsList][StartBindingData]-[MenuId = 1] Status: End.
2015-05-15 23:49:44.0440 INFO  -  [ucNewsList][StartLoadHeader]-[MenuId = 1] Status: Start.
2015-05-15 23:49:44.0470 INFO  -  [ucNewsList][StartLoadHeader]-[MenuId = 1] Status: End.
2015-05-15 23:49:44.0470 INFO  -  [ucNewsList][StartBindingData]-[MenuId = 1] Status: Start.
2015-05-15 23:49:44.0470 INFO  -  [ucNewsList][StartBindingData]-[MenuId = 1] Status: End.
2015-05-15 23:50:38.6001 INFO  -  [ucNewsList][StartLoadHeader]-[MenuId = 1] Status: Start.
2015-05-15 23:50:38.6001 INFO  -  [ucNewsList][StartLoadHeader]-[MenuId = 1] Status: End.
2015-05-15 23:50:38.6001 INFO  -  [ucNewsList][StartBindingData]-[MenuId = 1] Status: Start.
2015-05-15 23:50:38.6101 INFO  -  [ucNewsList][StartBindingData]-[MenuId = 1] Status: End.
2015-05-15 23:51:36.2045 INFO  -  [ucNewsList][StartLoadHeader]-[MenuId = 1] Status: Start.
2015-05-15 23:51:36.2045 INFO  -  [ucNewsList][StartLoadHeader]-[MenuId = 1] Status: End.
2015-05-15 23:51:36.2045 INFO  -  [ucNewsList][StartBindingData]-[MenuId = 1] Status: Start.
2015-05-15 23:51:36.2045 INFO  -  [ucNewsList][StartBindingData]-[MenuId = 1] Status: End.
2015-05-15 23:52:49.9761 INFO  -  [ucNewsList][StartLoadHeader]-[MenuId = 1] Status: Start.
2015-05-15 23:52:49.9761 INFO  -  [ucNewsList][StartLoadHeader]-[MenuId = 1] Status: End.
2015-05-15 23:52:49.9851 INFO  -  [ucNewsList][StartBindingData]-[MenuId = 1] Status: Start.
2015-05-15 23:52:49.9851 INFO  -  [ucNewsList][StartBindingData]-[MenuId = 1] Status: End.
2015-05-15 23:53:38.3451 INFO  -  [ucNewsList][StartLoadHeader]-[MenuId = 1] Status: Start.
2015-05-15 23:53:38.3451 INFO  -  [ucNewsList][StartLoadHeader]-[MenuId = 1] Status: End.
2015-05-15 23:53:38.3451 INFO  -  [ucNewsList][StartBindingData]-[MenuId = 1] Status: Start.
2015-05-15 23:53:38.3451 INFO  -  [ucNewsList][StartBindingData]-[MenuId = 1] Status: End.
2015-05-15 23:53:57.8067 INFO  -  [ucNewsList][StartLoadHeader]-[MenuId = 1] Status: Start.
2015-05-15 23:53:57.8067 INFO  -  [ucNewsList][StartLoadHeader]-[MenuId = 1] Status: End.
2015-05-15 23:53:57.8127 INFO  -  [ucNewsList][StartBindingData]-[MenuId = 1] Status: Start.
2015-05-15 23:53:57.8127 INFO  -  [ucNewsList][StartBindingData]-[MenuId = 1] Status: End.
2015-05-15 23:54:19.9620 INFO  -  [ucNewsList][StartLoadHeader]-[MenuId = 1] Status: Start.
2015-05-15 23:54:19.9620 INFO  -  [ucNewsList][StartLoadHeader]-[MenuId = 1] Status: End.
2015-05-15 23:54:19.9690 INFO  -  [ucNewsList][StartBindingData]-[MenuId = 1] Status: Start.
2015-05-15 23:54:19.9690 INFO  -  [ucNewsList][StartBindingData]-[MenuId = 1] Status: End.
2015-05-15 23:54:33.4835 INFO  -  [ucNewsList][StartLoadHeader]-[MenuId = 1] Status: Start.
2015-05-15 23:54:33.4835 INFO  -  [ucNewsList][StartLoadHeader]-[MenuId = 1] Status: End.
2015-05-15 23:54:33.4835 INFO  -  [ucNewsList][StartBindingData]-[MenuId = 1] Status: Start.
2015-05-15 23:54:33.4835 INFO  -  [ucNewsList][StartBindingData]-[MenuId = 1] Status: End.
2015-05-15 23:55:37.6455 INFO  -  [ucProjectsList][StartBindingProjects]-[MenuId = 25] Status: Start.
2015-05-15 23:55:37.6455 INFO  -  [ucProjectsList][StartBindingProjects] Status: End.
